0 verbose cli C:\Program Files\nodejs\node.exe C:\Program Files\nodejs\node_modules\npm\bin\npm-cli.js
1 info using npm@10.2.3
2 info using node@v18.19.0
3 timing npm:load:whichnode Completed in 2ms
4 timing config:load:defaults Completed in 3ms
5 timing config:load:file:C:\Program Files\nodejs\node_modules\npm\npmrc Completed in 3ms
6 timing config:load:builtin Completed in 3ms
7 timing config:load:cli Completed in 2ms
8 timing config:load:env Completed in 1ms
9 timing config:load:file:C:\Test\my-clientapp-angular\.npmrc Completed in 0ms
10 timing config:load:project Completed in 2ms
11 timing config:load:file:C:\Users\mcaldoza\.npmrc Completed in 0ms
12 timing config:load:user Completed in 0ms
13 timing config:load:file:C:\Test\my-clientapp-angular\npm\etc\npmrc Completed in 1ms
14 timing config:load:global Completed in 1ms
15 timing config:load:setEnvs Completed in 1ms
16 timing config:load Completed in 13ms
17 timing npm:load:configload Completed in 13ms
18 timing config:load:flatten Completed in 2ms
19 timing npm:load:mkdirpcache Completed in 1ms
20 timing npm:load:mkdirplogs Completed in 1ms
21 verbose title npm install
22 verbose argv "install"
23 timing npm:load:setTitle Completed in 1ms
24 timing npm:load:display Completed in 0ms
25 verbose logfile logs-max:10 dir:C:\Test\my-clientapp-angular\npm\cache\_logs\2024-11-04T10_43_31_002Z-
26 verbose logfile C:\Test\my-clientapp-angular\npm\cache\_logs\2024-11-04T10_43_31_002Z-debug-0.log
27 timing npm:load:logFile Completed in 21ms
28 timing npm:load:timers Completed in 0ms
29 timing npm:load:configScope Completed in 0ms
30 timing npm:load Completed in 69ms
31 timing arborist:ctor Completed in 0ms
32 silly logfile done cleaning log files
33 timing idealTree:init Completed in 426ms
34 timing idealTree:userRequests Completed in 0ms
35 silly idealTree buildDeps
36 timing idealTree:#root Completed in 0ms
37 timing idealTree:buildDeps Completed in 0ms
38 timing idealTree:fixDepFlags Completed in 0ms
39 warn EBADENGINE Unsupported engine {
39 warn EBADENGINE   package: '@angular-devkit/architect@0.1802.11',
39 warn EBADENGINE   required: {
39 warn EBADENGINE     node: '^18.19.1 || ^20.11.1 || >=22.0.0',
39 warn EBADENGINE     npm: '^6.11.0 || ^7.5.6 || >=8.0.0',
39 warn EBADENGINE     yarn: '>= 1.13.0'
39 warn EBADENGINE   },
39 warn EBADENGINE   current: { node: 'v18.19.0', npm: '10.2.3' }
39 warn EBADENGINE }
40 warn EBADENGINE Unsupported engine {
40 warn EBADENGINE   package: '@angular-devkit/build-angular@18.2.11',
40 warn EBADENGINE   required: {
40 warn EBADENGINE     node: '^18.19.1 || ^20.11.1 || >=22.0.0',
40 warn EBADENGINE     npm: '^6.11.0 || ^7.5.6 || >=8.0.0',
40 warn EBADENGINE     yarn: '>= 1.13.0'
40 warn EBADENGINE   },
40 warn EBADENGINE   current: { node: 'v18.19.0', npm: '10.2.3' }
40 warn EBADENGINE }
41 warn EBADENGINE Unsupported engine {
41 warn EBADENGINE   package: '@angular-devkit/build-webpack@0.1802.11',
41 warn EBADENGINE   required: {
41 warn EBADENGINE     node: '^18.19.1 || ^20.11.1 || >=22.0.0',
41 warn EBADENGINE     npm: '^6.11.0 || ^7.5.6 || >=8.0.0',
41 warn EBADENGINE     yarn: '>= 1.13.0'
41 warn EBADENGINE   },
41 warn EBADENGINE   current: { node: 'v18.19.0', npm: '10.2.3' }
41 warn EBADENGINE }
42 warn EBADENGINE Unsupported engine {
42 warn EBADENGINE   package: '@angular-devkit/core@18.2.11',
42 warn EBADENGINE   required: {
42 warn EBADENGINE     node: '^18.19.1 || ^20.11.1 || >=22.0.0',
42 warn EBADENGINE     npm: '^6.11.0 || ^7.5.6 || >=8.0.0',
42 warn EBADENGINE     yarn: '>= 1.13.0'
42 warn EBADENGINE   },
42 warn EBADENGINE   current: { node: 'v18.19.0', npm: '10.2.3' }
42 warn EBADENGINE }
43 warn EBADENGINE Unsupported engine {
43 warn EBADENGINE   package: '@angular-devkit/schematics@18.2.11',
43 warn EBADENGINE   required: {
43 warn EBADENGINE     node: '^18.19.1 || ^20.11.1 || >=22.0.0',
43 warn EBADENGINE     npm: '^6.11.0 || ^7.5.6 || >=8.0.0',
43 warn EBADENGINE     yarn: '>= 1.13.0'
43 warn EBADENGINE   },
43 warn EBADENGINE   current: { node: 'v18.19.0', npm: '10.2.3' }
43 warn EBADENGINE }
44 warn EBADENGINE Unsupported engine {
44 warn EBADENGINE   package: '@angular/animations@18.2.10',
44 warn EBADENGINE   required: { node: '^18.19.1 || ^20.11.1 || >=22.0.0' },
44 warn EBADENGINE   current: { node: 'v18.19.0', npm: '10.2.3' }
44 warn EBADENGINE }
45 warn EBADENGINE Unsupported engine {
45 warn EBADENGINE   package: '@angular/build@18.2.11',
45 warn EBADENGINE   required: {
45 warn EBADENGINE     node: '^18.19.1 || ^20.11.1 || >=22.0.0',
45 warn EBADENGINE     npm: '^6.11.0 || ^7.5.6 || >=8.0.0',
45 warn EBADENGINE     yarn: '>= 1.13.0'
45 warn EBADENGINE   },
45 warn EBADENGINE   current: { node: 'v18.19.0', npm: '10.2.3' }
45 warn EBADENGINE }
46 warn EBADENGINE Unsupported engine {
46 warn EBADENGINE   package: '@angular/cli@18.2.11',
46 warn EBADENGINE   required: {
46 warn EBADENGINE     node: '^18.19.1 || ^20.11.1 || >=22.0.0',
46 warn EBADENGINE     npm: '^6.11.0 || ^7.5.6 || >=8.0.0',
46 warn EBADENGINE     yarn: '>= 1.13.0'
46 warn EBADENGINE   },
46 warn EBADENGINE   current: { node: 'v18.19.0', npm: '10.2.3' }
46 warn EBADENGINE }
47 warn EBADENGINE Unsupported engine {
47 warn EBADENGINE   package: '@angular/common@18.2.10',
47 warn EBADENGINE   required: { node: '^18.19.1 || ^20.11.1 || >=22.0.0' },
47 warn EBADENGINE   current: { node: 'v18.19.0', npm: '10.2.3' }
47 warn EBADENGINE }
48 warn EBADENGINE Unsupported engine {
48 warn EBADENGINE   package: '@angular/compiler@18.2.10',
48 warn EBADENGINE   required: { node: '^18.19.1 || ^20.11.1 || >=22.0.0' },
48 warn EBADENGINE   current: { node: 'v18.19.0', npm: '10.2.3' }
48 warn EBADENGINE }
49 warn EBADENGINE Unsupported engine {
49 warn EBADENGINE   package: '@angular/compiler-cli@18.2.10',
49 warn EBADENGINE   required: { node: '^18.19.1 || ^20.11.1 || >=22.0.0' },
49 warn EBADENGINE   current: { node: 'v18.19.0', npm: '10.2.3' }
49 warn EBADENGINE }
50 warn EBADENGINE Unsupported engine {
50 warn EBADENGINE   package: '@angular/core@18.2.10',
50 warn EBADENGINE   required: { node: '^18.19.1 || ^20.11.1 || >=22.0.0' },
50 warn EBADENGINE   current: { node: 'v18.19.0', npm: '10.2.3' }
50 warn EBADENGINE }
51 warn EBADENGINE Unsupported engine {
51 warn EBADENGINE   package: '@angular/forms@18.2.10',
51 warn EBADENGINE   required: { node: '^18.19.1 || ^20.11.1 || >=22.0.0' },
51 warn EBADENGINE   current: { node: 'v18.19.0', npm: '10.2.3' }
51 warn EBADENGINE }
52 warn EBADENGINE Unsupported engine {
52 warn EBADENGINE   package: '@angular/platform-browser@18.2.10',
52 warn EBADENGINE   required: { node: '^18.19.1 || ^20.11.1 || >=22.0.0' },
52 warn EBADENGINE   current: { node: 'v18.19.0', npm: '10.2.3' }
52 warn EBADENGINE }
53 warn EBADENGINE Unsupported engine {
53 warn EBADENGINE   package: '@angular/platform-browser-dynamic@18.2.10',
53 warn EBADENGINE   required: { node: '^18.19.1 || ^20.11.1 || >=22.0.0' },
53 warn EBADENGINE   current: { node: 'v18.19.0', npm: '10.2.3' }
53 warn EBADENGINE }
54 warn EBADENGINE Unsupported engine {
54 warn EBADENGINE   package: '@angular/router@18.2.10',
54 warn EBADENGINE   required: { node: '^18.19.1 || ^20.11.1 || >=22.0.0' },
54 warn EBADENGINE   current: { node: 'v18.19.0', npm: '10.2.3' }
54 warn EBADENGINE }
55 warn EBADENGINE Unsupported engine {
55 warn EBADENGINE   package: '@ngtools/webpack@18.2.11',
55 warn EBADENGINE   required: {
55 warn EBADENGINE     node: '^18.19.1 || ^20.11.1 || >=22.0.0',
55 warn EBADENGINE     npm: '^6.11.0 || ^7.5.6 || >=8.0.0',
55 warn EBADENGINE     yarn: '>= 1.13.0'
55 warn EBADENGINE   },
55 warn EBADENGINE   current: { node: 'v18.19.0', npm: '10.2.3' }
55 warn EBADENGINE }
56 warn EBADENGINE Unsupported engine {
56 warn EBADENGINE   package: '@schematics/angular@18.2.11',
56 warn EBADENGINE   required: {
56 warn EBADENGINE     node: '^18.19.1 || ^20.11.1 || >=22.0.0',
56 warn EBADENGINE     npm: '^6.11.0 || ^7.5.6 || >=8.0.0',
56 warn EBADENGINE     yarn: '>= 1.13.0'
56 warn EBADENGINE   },
56 warn EBADENGINE   current: { node: 'v18.19.0', npm: '10.2.3' }
56 warn EBADENGINE }
57 timing idealTree Completed in 445ms
58 timing arborist:ctor Completed in 1ms
59 timing reify:loadTrees Completed in 958ms
60 timing reify:diffTrees Completed in 41ms
61 silly reify moves {}
62 timing reify:retireShallow Completed in 0ms
63 timing reify:createSparse Completed in 29ms
64 timing reify:loadBundles Completed in 0ms
65 silly audit bulk request {
65 silly audit   '@ampproject/remapping': [ '2.3.0' ],
65 silly audit   '@angular-devkit/architect': [ '0.1802.11' ],
65 silly audit   '@angular-devkit/build-angular': [ '18.2.11' ],
65 silly audit   tslib: [ '2.6.3', '2.8.1' ],
65 silly audit   '@angular-devkit/build-webpack': [ '0.1802.11' ],
65 silly audit   '@angular-devkit/core': [ '18.2.11' ],
65 silly audit   '@angular-devkit/schematics': [ '18.2.11' ],
65 silly audit   '@angular/animations': [ '18.2.10' ],
65 silly audit   '@angular/build': [ '18.2.11' ],
65 silly audit   '@angular/cli': [ '18.2.11' ],
65 silly audit   '@angular/common': [ '18.2.10' ],
65 silly audit   '@angular/compiler': [ '18.2.10' ],
65 silly audit   '@angular/compiler-cli': [ '18.2.10' ],
65 silly audit   chokidar: [ '4.0.1', '3.6.0' ],
65 silly audit   readdirp: [ '4.0.2', '3.6.0' ],
65 silly audit   '@angular/core': [ '18.2.10' ],
65 silly audit   '@angular/forms': [ '18.2.10' ],
65 silly audit   '@angular/platform-browser': [ '18.2.10' ],
65 silly audit   '@angular/platform-browser-dynamic': [ '18.2.10' ],
65 silly audit   '@angular/router': [ '18.2.10' ],
65 silly audit   '@babel/code-frame': [ '7.26.2' ],
65 silly audit   '@babel/compat-data': [ '7.26.2' ],
65 silly audit   '@babel/core': [ '7.25.2' ],
65 silly audit   'convert-source-map': [ '2.0.0', '1.9.0' ],
65 silly audit   semver: [ '6.3.1', '5.7.2', '7.6.3' ],
65 silly audit   '@babel/generator': [ '7.25.0', '7.26.2' ],
65 silly audit   '@babel/helper-annotate-as-pure': [ '7.24.7', '7.25.9' ],
65 silly audit   '@babel/helper-builder-binary-assignment-operator-visitor': [ '7.25.9' ],
65 silly audit   '@babel/helper-compilation-targets': [ '7.25.9' ],
65 silly audit   '@babel/helper-create-class-features-plugin': [ '7.25.9' ],
65 silly audit   '@babel/helper-create-regexp-features-plugin': [ '7.25.9' ],
65 silly audit   '@babel/helper-define-polyfill-provider': [ '0.6.2' ],
65 silly audit   '@babel/helper-member-expression-to-functions': [ '7.25.9' ],
65 silly audit   '@babel/helper-module-imports': [ '7.25.9' ],
65 silly audit   '@babel/helper-module-transforms': [ '7.26.0' ],
65 silly audit   '@babel/helper-optimise-call-expression': [ '7.25.9' ],
65 silly audit   '@babel/helper-plugin-utils': [ '7.25.9' ],
65 silly audit   '@babel/helper-remap-async-to-generator': [ '7.25.9' ],
65 silly audit   '@babel/helper-replace-supers': [ '7.25.9' ],
65 silly audit   '@babel/helper-simple-access': [ '7.25.9' ],
65 silly audit   '@babel/helper-skip-transparent-expression-wrappers': [ '7.25.9' ],
65 silly audit   '@babel/helper-split-export-declaration': [ '7.24.7' ],
65 silly audit   '@babel/helper-string-parser': [ '7.25.9' ],
65 silly audit   '@babel/helper-validator-identifier': [ '7.25.9' ],
65 silly audit   '@babel/helper-validator-option': [ '7.25.9' ],
65 silly audit   '@babel/helper-wrap-function': [ '7.25.9' ],
65 silly audit   '@babel/helpers': [ '7.26.0' ],
65 silly audit   '@babel/parser': [ '7.26.2' ],
65 silly audit   '@babel/plugin-bugfix-firefox-class-in-computed-class-key': [ '7.25.9' ],
65 silly audit   '@babel/plugin-bugfix-safari-class-field-initializer-scope': [ '7.25.9' ],
65 silly audit   '@babel/plugin-bugfix-safari-id-destructuring-collision-in-function-expression': [ '7.25.9' ],
65 silly audit   '@babel/plugin-bugfix-v8-spread-parameters-in-optional-chaining': [ '7.25.9' ],
65 silly audit   '@babel/plugin-bugfix-v8-static-class-fields-redefine-readonly': [ '7.25.9' ],
65 silly audit   '@babel/plugin-proposal-private-property-in-object': [ '7.21.0-placeholder-for-preset-env.2' ],
65 silly audit   '@babel/plugin-syntax-async-generators': [ '7.8.4' ],
65 silly audit   '@babel/plugin-syntax-class-properties': [ '7.12.13' ],
65 silly audit   '@babel/plugin-syntax-class-static-block': [ '7.14.5' ],
65 silly audit   '@babel/plugin-syntax-dynamic-import': [ '7.8.3' ],
65 silly audit   '@babel/plugin-syntax-export-namespace-from': [ '7.8.3' ],
65 silly audit   '@babel/plugin-syntax-import-assertions': [ '7.26.0' ],
65 silly audit   '@babel/plugin-syntax-import-attributes': [ '7.24.7' ],
65 silly audit   '@babel/plugin-syntax-import-meta': [ '7.10.4' ],
65 silly audit   '@babel/plugin-syntax-json-strings': [ '7.8.3' ],
65 silly audit   '@babel/plugin-syntax-logical-assignment-operators': [ '7.10.4' ],
65 silly audit   '@babel/plugin-syntax-nullish-coalescing-operator': [ '7.8.3' ],
65 silly audit   '@babel/plugin-syntax-numeric-separator': [ '7.10.4' ],
65 silly audit   '@babel/plugin-syntax-object-rest-spread': [ '7.8.3' ],
65 silly audit   '@babel/plugin-syntax-optional-catch-binding': [ '7.8.3' ],
65 silly audit   '@babel/plugin-syntax-optional-chaining': [ '7.8.3' ],
65 silly audit   '@babel/plugin-syntax-private-property-in-object': [ '7.14.5' ],
65 silly audit   '@babel/plugin-syntax-top-level-await': [ '7.14.5' ],
65 silly audit   '@babel/plugin-syntax-unicode-sets-regex': [ '7.18.6' ],
65 silly audit   '@babel/plugin-transform-arrow-functions': [ '7.25.9' ],
65 silly audit   '@babel/plugin-transform-async-generator-functions': [ '7.25.0' ],
65 silly audit   '@babel/plugin-transform-async-to-generator': [ '7.24.7' ],
65 silly audit   '@babel/plugin-transform-block-scoped-functions': [ '7.25.9' ],
65 silly audit   '@babel/plugin-transform-block-scoping': [ '7.25.9' ],
65 silly audit   '@babel/plugin-transform-class-properties': [ '7.25.9' ],
65 silly audit   '@babel/plugin-transform-class-static-block': [ '7.26.0' ],
65 silly audit   '@babel/plugin-transform-classes': [ '7.25.9' ],
65 silly audit   '@babel/plugin-transform-computed-properties': [ '7.25.9' ],
65 silly audit   '@babel/plugin-transform-destructuring': [ '7.25.9' ],
65 silly audit   '@babel/plugin-transform-dotall-regex': [ '7.25.9' ],
65 silly audit   '@babel/plugin-transform-duplicate-keys': [ '7.25.9' ],
65 silly audit   '@babel/plugin-transform-duplicate-named-capturing-groups-regex': [ '7.25.9' ],
65 silly audit   '@babel/plugin-transform-dynamic-import': [ '7.25.9' ],
65 silly audit   '@babel/plugin-transform-exponentiation-operator': [ '7.25.9' ],
65 silly audit   '@babel/plugin-transform-export-namespace-from': [ '7.25.9' ],
65 silly audit   '@babel/plugin-transform-for-of': [ '7.25.9' ],
65 silly audit   '@babel/plugin-transform-function-name': [ '7.25.9' ],
65 silly audit   '@babel/plugin-transform-json-strings': [ '7.25.9' ],
65 silly audit   '@babel/plugin-transform-literals': [ '7.25.9' ],
65 silly audit   '@babel/plugin-transform-logical-assignment-operators': [ '7.25.9' ],
65 silly audit   '@babel/plugin-transform-member-expression-literals': [ '7.25.9' ],
65 silly audit   '@babel/plugin-transform-modules-amd': [ '7.25.9' ],
65 silly audit   '@babel/plugin-transform-modules-commonjs': [ '7.25.9' ],
65 silly audit   '@babel/plugin-transform-modules-systemjs': [ '7.25.9' ],
65 silly audit   '@babel/plugin-transform-modules-umd': [ '7.25.9' ],
65 silly audit   '@babel/plugin-transform-named-capturing-groups-regex': [ '7.25.9' ],
65 silly audit   '@babel/plugin-transform-new-target': [ '7.25.9' ],
65 silly audit   '@babel/plugin-transform-nullish-coalescing-operator': [ '7.25.9' ],
65 silly audit   '@babel/plugin-transform-numeric-separator': [ '7.25.9' ],
65 silly audit   '@babel/plugin-transform-object-rest-spread': [ '7.25.9' ],
65 silly audit   '@babel/plugin-transform-object-super': [ '7.25.9' ],
65 silly audit   '@babel/plugin-transform-optional-catch-binding': [ '7.25.9' ],
65 silly audit   '@babel/plugin-transform-optional-chaining': [ '7.25.9' ],
65 silly audit   '@babel/plugin-transform-parameters': [ '7.25.9' ],
65 silly audit   '@babel/plugin-transform-private-methods': [ '7.25.9' ],
65 silly audit   '@babel/plugin-transform-private-property-in-object': [ '7.25.9' ],
65 silly audit   '@babel/plugin-transform-property-literals': [ '7.25.9' ],
65 silly audit   '@babel/plugin-transform-regenerator': [ '7.25.9' ],
65 silly audit   '@babel/plugin-transform-reserved-words': [ '7.25.9' ],
65 silly audit   '@babel/plugin-transform-runtime': [ '7.24.7' ],
65 silly audit   '@babel/plugin-transform-shorthand-properties': [ '7.25.9' ],
65 silly audit   '@babel/plugin-transform-spread': [ '7.25.9' ],
65 silly audit   '@babel/plugin-transform-sticky-regex': [ '7.25.9' ],
65 silly audit   '@babel/plugin-transform-template-literals': [ '7.25.9' ],
65 silly audit   '@babel/plugin-transform-typeof-symbol': [ '7.25.9' ],
65 silly audit   '@babel/plugin-transform-unicode-escapes': [ '7.25.9' ],
65 silly audit   '@babel/plugin-transform-unicode-property-regex': [ '7.25.9' ],
65 silly audit   '@babel/plugin-transform-unicode-regex': [ '7.25.9' ],
65 silly audit   '@babel/plugin-transform-unicode-sets-regex': [ '7.25.9' ],
65 silly audit   '@babel/preset-env': [ '7.25.3' ],
65 silly audit   '@babel/preset-modules': [ '0.1.6-no-external-plugins' ],
65 silly audit   '@babel/runtime': [ '7.25.0' ],
65 silly audit   '@babel/template': [ '7.25.9' ],
65 silly audit   '@babel/traverse': [ '7.25.9' ],
65 silly audit   jsesc: [ '3.0.2', '2.5.2' ],
65 silly audit   '@babel/types': [ '7.26.0' ],
65 silly audit   '@colors/colors': [ '1.5.0' ],
65 silly audit   '@discoveryjs/json-ext': [ '0.6.1' ],
65 silly audit   '@esbuild/aix-ppc64': [ '0.23.0', '0.21.5' ],
65 silly audit   '@esbuild/android-arm': [ '0.23.0', '0.21.5' ],
65 silly audit   '@esbuild/android-arm64': [ '0.23.0', '0.21.5' ],
65 silly audit   '@esbuild/android-x64': [ '0.23.0', '0.21.5' ],
65 silly audit   '@esbuild/darwin-arm64': [ '0.23.0', '0.21.5' ],
65 silly audit   '@esbuild/darwin-x64': [ '0.23.0', '0.21.5' ],
65 silly audit   '@esbuild/freebsd-arm64': [ '0.23.0', '0.21.5' ],
65 silly audit   '@esbuild/freebsd-x64': [ '0.23.0', '0.21.5' ],
65 silly audit   '@esbuild/linux-arm': [ '0.23.0', '0.21.5' ],
65 silly audit   '@esbuild/linux-arm64': [ '0.23.0', '0.21.5' ],
65 silly audit   '@esbuild/linux-ia32': [ '0.23.0', '0.21.5' ],
65 silly audit   '@esbuild/linux-loong64': [ '0.23.0', '0.21.5' ],
65 silly audit   '@esbuild/linux-mips64el': [ '0.23.0', '0.21.5' ],
65 silly audit   '@esbuild/linux-ppc64': [ '0.23.0', '0.21.5' ],
65 silly audit   '@esbuild/linux-riscv64': [ '0.23.0', '0.21.5' ],
65 silly audit   '@esbuild/linux-s390x': [ '0.23.0', '0.21.5' ],
65 silly audit   '@esbuild/linux-x64': [ '0.23.0', '0.21.5' ],
65 silly audit   '@esbuild/netbsd-x64': [ '0.23.0', '0.21.5' ],
65 silly audit   '@esbuild/openbsd-arm64': [ '0.23.0' ],
65 silly audit   '@esbuild/openbsd-x64': [ '0.23.0', '0.21.5' ],
65 silly audit   '@esbuild/sunos-x64': [ '0.23.0', '0.21.5' ],
65 silly audit   '@esbuild/win32-arm64': [ '0.23.0', '0.21.5' ],
65 silly audit   '@esbuild/win32-ia32': [ '0.23.0', '0.21.5' ],
65 silly audit   '@esbuild/win32-x64': [ '0.23.0', '0.21.5' ],
65 silly audit   '@inquirer/checkbox': [ '2.5.0' ],
65 silly audit   '@inquirer/confirm': [ '3.1.22' ],
65 silly audit   '@inquirer/core': [ '9.2.1' ],
65 silly audit   '@inquirer/type': [ '2.0.0', '1.5.5' ],
65 silly audit   '@inquirer/editor': [ '2.2.0' ],
65 silly audit   '@inquirer/expand': [ '2.3.0' ],
65 silly audit   '@inquirer/figures': [ '1.0.7' ],
65 silly audit   '@inquirer/input': [ '2.3.0' ],
65 silly audit   '@inquirer/number': [ '1.1.0' ],
65 silly audit   '@inquirer/password': [ '2.2.0' ],
65 silly audit   '@inquirer/prompts': [ '5.3.8' ],
65 silly audit   '@inquirer/rawlist': [ '2.3.0' ],
65 silly audit   '@inquirer/search': [ '1.1.0' ],
65 silly audit   '@inquirer/select': [ '2.5.0' ],
65 silly audit   '@isaacs/cliui': [ '8.0.2' ],
65 silly audit   'ansi-regex': [ '6.1.0', '5.0.1' ],
65 silly audit   'ansi-styles': [ '6.2.1', '4.3.0' ],
65 silly audit   'emoji-regex': [ '9.2.2', '8.0.0', '10.4.0' ],
65 silly audit   'string-width': [ '5.1.2', '4.2.3', '7.2.0' ],
65 silly audit   'strip-ansi': [ '7.1.0', '6.0.1' ],
65 silly audit   'wrap-ansi': [ '8.1.0', '7.0.0', '9.0.0', '6.2.0' ],
65 silly audit   '@istanbuljs/schema': [ '0.1.3' ],
65 silly audit   '@jridgewell/gen-mapping': [ '0.3.5' ],
65 silly audit   '@jridgewell/resolve-uri': [ '3.1.2' ],
65 silly audit   '@jridgewell/set-array': [ '1.2.1' ],
65 silly audit   '@jridgewell/source-map': [ '0.3.6' ],
65 silly audit   '@jridgewell/sourcemap-codec': [ '1.5.0' ],
65 silly audit   '@jridgewell/trace-mapping': [ '0.3.25' ],
65 silly audit   '@jsonjoy.com/base64': [ '1.1.2' ],
65 silly audit   '@jsonjoy.com/json-pack': [ '1.1.0' ],
65 silly audit   '@jsonjoy.com/util': [ '1.5.0' ],
65 silly audit   '@leichtgewicht/ip-codec': [ '2.0.5' ],
65 silly audit   '@listr2/prompt-adapter-inquirer': [ '2.0.15' ],
65 silly audit   '@lmdb/lmdb-darwin-arm64': [ '3.0.13' ],
65 silly audit   '@lmdb/lmdb-darwin-x64': [ '3.0.13' ],
65 silly audit   '@lmdb/lmdb-linux-arm': [ '3.0.13' ],
65 silly audit   '@lmdb/lmdb-linux-arm64': [ '3.0.13' ],
65 silly audit   '@lmdb/lmdb-linux-x64': [ '3.0.13' ],
65 silly audit   '@lmdb/lmdb-win32-x64': [ '3.0.13' ],
65 silly audit   '@msgpackr-extract/msgpackr-extract-darwin-arm64': [ '3.0.3' ],
65 silly audit   '@msgpackr-extract/msgpackr-extract-darwin-x64': [ '3.0.3' ],
65 silly audit   '@msgpackr-extract/msgpackr-extract-linux-arm': [ '3.0.3' ],
65 silly audit   '@msgpackr-extract/msgpackr-extract-linux-arm64': [ '3.0.3' ],
65 silly audit   '@msgpackr-extract/msgpackr-extract-linux-x64': [ '3.0.3' ],
65 silly audit   '@msgpackr-extract/msgpackr-extract-win32-x64': [ '3.0.3' ],
65 silly audit   '@ngtools/webpack': [ '18.2.11' ],
65 silly audit   '@nodelib/fs.scandir': [ '2.1.5' ],
65 silly audit   '@nodelib/fs.stat': [ '2.0.5' ],
65 silly audit   '@nodelib/fs.walk': [ '1.2.8' ],
65 silly audit   '@npmcli/agent': [ '2.2.2' ],
65 silly audit   'lru-cache': [ '10.4.3', '5.1.1' ],
65 silly audit   '@npmcli/fs': [ '3.1.1' ],
65 silly audit   '@npmcli/git': [ '5.0.8' ],
65 silly audit   isexe: [ '3.1.1', '2.0.0' ],
65 silly audit   which: [ '4.0.0', '2.0.2', '1.3.1' ],
65 silly audit   '@npmcli/installed-package-contents': [ '2.1.0' ],
65 silly audit   '@npmcli/node-gyp': [ '3.0.0' ],
65 silly audit   '@npmcli/package-json': [ '5.2.1' ],
65 silly audit   'brace-expansion': [ '2.0.1', '1.1.11' ],
65 silly audit   glob: [ '10.4.5', '7.2.3' ],
65 silly audit   minimatch: [ '9.0.5', '3.1.2' ],
65 silly audit   '@npmcli/promise-spawn': [ '7.0.2' ],
65 silly audit   '@npmcli/redact': [ '2.0.1' ],
65 silly audit   '@npmcli/run-script': [ '8.1.0' ],
65 silly audit   '@pkgjs/parseargs': [ '0.11.0' ],
65 silly audit   '@rollup/rollup-android-arm-eabi': [ '4.22.4' ],
65 silly audit   '@rollup/rollup-android-arm64': [ '4.22.4' ],
65 silly audit   '@rollup/rollup-darwin-arm64': [ '4.22.4' ],
65 silly audit   '@rollup/rollup-darwin-x64': [ '4.22.4' ],
65 silly audit   '@rollup/rollup-linux-arm-gnueabihf': [ '4.22.4' ],
65 silly audit   '@rollup/rollup-linux-arm-musleabihf': [ '4.22.4' ],
65 silly audit   '@rollup/rollup-linux-arm64-gnu': [ '4.22.4' ],
65 silly audit   '@rollup/rollup-linux-arm64-musl': [ '4.22.4' ],
65 silly audit   '@rollup/rollup-linux-powerpc64le-gnu': [ '4.22.4' ],
65 silly audit   '@rollup/rollup-linux-riscv64-gnu': [ '4.22.4' ],
65 silly audit   '@rollup/rollup-linux-s390x-gnu': [ '4.22.4' ],
65 silly audit   '@rollup/rollup-linux-x64-gnu': [ '4.22.4' ],
65 silly audit   '@rollup/rollup-linux-x64-musl': [ '4.22.4' ],
65 silly audit   '@rollup/rollup-win32-arm64-msvc': [ '4.22.4' ],
65 silly audit   '@rollup/rollup-win32-ia32-msvc': [ '4.22.4' ],
65 silly audit   '@rollup/rollup-win32-x64-msvc': [ '4.22.4' ],
65 silly audit   '@schematics/angular': [ '18.2.11' ],
65 silly audit   '@sigstore/bundle': [ '2.3.2' ],
65 silly audit   '@sigstore/core': [ '1.1.0' ],
65 silly audit   '@sigstore/protobuf-specs': [ '0.3.2' ],
65 silly audit   '@sigstore/sign': [ '2.3.2' ],
65 silly audit   '@sigstore/tuf': [ '2.3.4' ],
65 silly audit   '@sigstore/verify': [ '1.2.1' ],
65 silly audit   '@sindresorhus/merge-streams': [ '2.3.0' ],
65 silly audit   '@socket.io/component-emitter': [ '3.1.2' ],
65 silly audit   '@tufjs/canonical-json': [ '2.0.0' ],
65 silly audit   '@tufjs/models': [ '2.0.1' ],
65 silly audit   '@types/body-parser': [ '1.19.5' ],
65 silly audit   '@types/bonjour': [ '3.5.13' ],
65 silly audit   '@types/connect': [ '3.4.38' ],
65 silly audit   '@types/connect-history-api-fallback': [ '1.5.4' ],
65 silly audit   '@types/cookie': [ '0.4.1' ],
65 silly audit   '@types/cors': [ '2.8.17' ],
65 silly audit   '@types/estree': [ '1.0.5' ],
65 silly audit   '@types/express': [ '4.17.21' ],
65 silly audit   '@types/express-serve-static-core': [ '5.0.1', '4.19.6' ],
65 silly audit   '@types/http-errors': [ '2.0.4' ],
65 silly audit   '@types/http-proxy': [ '1.17.15' ],
65 silly audit   '@types/jasmine': [ '5.1.4' ],
65 silly audit   '@types/json-schema': [ '7.0.15' ],
65 silly audit   '@types/mime': [ '1.3.5' ],
65 silly audit   '@types/mute-stream': [ '0.0.4' ],
65 silly audit   '@types/node': [ '22.8.7' ],
65 silly audit   '@types/node-forge': [ '1.3.11' ],
65 silly audit   '@types/qs': [ '6.9.16' ],
65 silly audit   '@types/range-parser': [ '1.2.7' ],
65 silly audit   '@types/retry': [ '0.12.2' ],
65 silly audit   '@types/send': [ '0.17.4' ],
65 silly audit   '@types/serve-index': [ '1.9.4' ],
65 silly audit   '@types/serve-static': [ '1.15.7' ],
65 silly audit   '@types/sockjs': [ '0.3.36' ],
65 silly audit   '@types/wrap-ansi': [ '3.0.0' ],
65 silly audit   '@types/ws': [ '8.5.13' ],
65 silly audit   '@vitejs/plugin-basic-ssl': [ '1.1.0' ],
65 silly audit   '@webassemblyjs/ast': [ '1.12.1' ],
65 silly audit   '@webassemblyjs/floating-point-hex-parser': [ '1.11.6' ],
65 silly audit   '@webassemblyjs/helper-api-error': [ '1.11.6' ],
65 silly audit   '@webassemblyjs/helper-buffer': [ '1.12.1' ],
65 silly audit   '@webassemblyjs/helper-numbers': [ '1.11.6' ],
65 silly audit   '@webassemblyjs/helper-wasm-bytecode': [ '1.11.6' ],
65 silly audit   '@webassemblyjs/helper-wasm-section': [ '1.12.1' ],
65 silly audit   '@webassemblyjs/ieee754': [ '1.11.6' ],
65 silly audit   '@webassemblyjs/leb128': [ '1.11.6' ],
65 silly audit   '@webassemblyjs/utf8': [ '1.11.6' ],
65 silly audit   '@webassemblyjs/wasm-edit': [ '1.12.1' ],
65 silly audit   '@webassemblyjs/wasm-gen': [ '1.12.1' ],
65 silly audit   '@webassemblyjs/wasm-opt': [ '1.12.1' ],
65 silly audit   '@webassemblyjs/wasm-parser': [ '1.12.1' ],
65 silly audit   '@webassemblyjs/wast-printer': [ '1.12.1' ],
65 silly audit   '@xtuc/ieee754': [ '1.2.0' ],
65 silly audit   '@xtuc/long': [ '4.2.2' ],
65 silly audit   '@yarnpkg/lockfile': [ '1.1.0' ],
65 silly audit   abbrev: [ '2.0.0' ],
65 silly audit   accepts: [ '1.3.8' ],
65 silly audit   negotiator: [ '0.6.3', '0.6.4' ],
65 silly audit   acorn: [ '8.14.0' ],
65 silly audit   'acorn-import-attributes': [ '1.9.5' ],
65 silly audit   'adjust-sourcemap-loader': [ '4.0.0' ],
65 silly audit   'loader-utils': [ '2.0.4', '3.3.1' ],
65 silly audit   'agent-base': [ '7.1.1' ],
65 silly audit   'aggregate-error': [ '3.1.0' ],
65 silly audit   ajv: [ '8.17.1', '6.12.6' ],
65 silly audit   'ajv-formats': [ '3.0.1', '2.1.1' ],
65 silly audit   'ajv-keywords': [ '5.1.0', '3.5.2' ],
65 silly audit   'ansi-colors': [ '4.1.3' ],
65 silly audit   'ansi-escapes': [ '4.3.2', '7.0.0' ],
65 silly audit   'ansi-html-community': [ '0.0.8' ],
65 silly audit   anymatch: [ '3.1.3' ],
65 silly audit   picomatch: [ '2.3.1', '4.0.2' ],
65 silly audit   argparse: [ '2.0.1' ],
65 silly audit   'array-flatten': [ '1.1.1' ],
65 silly audit   autoprefixer: [ '10.4.20' ],
65 silly audit   'babel-loader': [ '9.1.3' ],
65 silly audit   'babel-plugin-polyfill-corejs2': [ '0.4.11' ],
65 silly audit   'babel-plugin-polyfill-corejs3': [ '0.10.6' ],
65 silly audit   'babel-plugin-polyfill-regenerator': [ '0.6.2' ],
65 silly audit   'balanced-match': [ '1.0.2' ],
65 silly audit   'base64-js': [ '1.5.1' ],
65 silly audit   base64id: [ '2.0.0' ],
65 silly audit   batch: [ '0.6.1' ],
65 silly audit   'big.js': [ '5.2.2' ],
65 silly audit   'binary-extensions': [ '2.3.0' ],
65 silly audit   bl: [ '4.1.0' ],
65 silly audit   'body-parser': [ '1.20.3' ],
65 silly audit   debug: [ '2.6.9', '4.3.7' ],
65 silly audit   ms: [ '2.0.0', '2.1.3' ],
65 silly audit   'bonjour-service': [ '1.2.1' ],
65 silly audit   boolbase: [ '1.0.0' ],
65 silly audit   braces: [ '3.0.3' ],
65 silly audit   browserslist: [ '4.24.2' ],
65 silly audit   buffer: [ '5.7.1' ],
65 silly audit   'buffer-from': [ '1.1.2' ],
65 silly audit   'bundle-name': [ '4.1.0' ],
65 silly audit   bytes: [ '3.1.2' ],
65 silly audit   cacache: [ '18.0.4' ],
65 silly audit   'call-bind': [ '1.0.7' ],
65 silly audit   callsites: [ '3.1.0' ],
65 silly audit   'caniuse-lite': [ '1.0.30001677' ],
65 silly audit   chalk: [ '4.1.2' ],
65 silly audit   chardet: [ '0.7.0' ],
65 silly audit   'glob-parent': [ '5.1.2', '6.0.2' ],
65 silly audit   chownr: [ '2.0.0' ],
65 silly audit   'chrome-trace-event': [ '1.0.4' ],
65 silly audit   'clean-stack': [ '2.2.0' ],
65 silly audit   'cli-cursor': [ '5.0.0', '3.1.0' ],
65 silly audit   'cli-spinners': [ '2.9.2' ],
65 silly audit   'cli-truncate': [ '4.0.0' ],
65 silly audit   'cli-width': [ '4.1.0' ],
65 silly audit   cliui: [ '8.0.1', '7.0.4' ],
65 silly audit   'is-fullwidth-code-point': [ '3.0.0', '4.0.0', '5.0.0' ],
65 silly audit   clone: [ '1.0.4' ],
65 silly audit   'clone-deep': [ '4.0.1' ],
65 silly audit   'is-plain-object': [ '2.0.4', '5.0.0' ],
65 silly audit   'color-convert': [ '2.0.1' ],
65 silly audit   'color-name': [ '1.1.4' ],
65 silly audit   colorette: [ '2.0.20' ],
65 silly audit   commander: [ '2.20.3' ],
65 silly audit   'common-path-prefix': [ '3.0.0' ],
65 silly audit   compressible: [ '2.0.18' ],
65 silly audit   compression: [ '1.7.5' ],
65 silly audit   'concat-map': [ '0.0.1' ],
65 silly audit   connect: [ '3.7.0' ],
65 silly audit   'connect-history-api-fallback': [ '2.0.0' ],
65 silly audit   'content-disposition': [ '0.5.4' ],
65 silly audit   'content-type': [ '1.0.5' ],
65 silly audit   cookie: [ '0.7.2', '0.7.1' ],
65 silly audit   'cookie-signature': [ '1.0.6' ],
65 silly audit   'copy-anything': [ '2.0.6' ],
65 silly audit   'copy-webpack-plugin': [ '12.0.2' ],
65 silly audit   'core-js-compat': [ '3.39.0' ],
65 silly audit   'core-util-is': [ '1.0.3' ],
65 silly audit   cors: [ '2.8.5' ],
65 silly audit   cosmiconfig: [ '9.0.0' ],
65 silly audit   critters: [ '0.0.24' ],
65 silly audit   'cross-spawn': [ '7.0.3' ],
65 silly audit   'css-loader': [ '7.1.2' ],
65 silly audit   'css-select': [ '5.1.0' ],
65 silly audit   'css-what': [ '6.1.0' ],
65 silly audit   cssesc: [ '3.0.0' ],
65 silly audit   'custom-event': [ '1.0.1' ],
65 silly audit   'date-format': [ '4.0.14' ],
65 silly audit   'default-browser': [ '5.2.1' ],
65 silly audit   'default-browser-id': [ '5.0.0' ],
65 silly audit   'default-gateway': [ '6.0.3' ],
65 silly audit   defaults: [ '1.0.4' ],
65 silly audit   'define-data-property': [ '1.1.4' ],
65 silly audit   'define-lazy-prop': [ '3.0.0' ],
65 silly audit   depd: [ '2.0.0', '1.1.2' ],
65 silly audit   destroy: [ '1.2.0' ],
65 silly audit   'detect-libc': [ '2.0.3' ],
65 silly audit   'detect-node': [ '2.1.0' ],
65 silly audit   di: [ '0.0.1' ],
65 silly audit   'dns-packet': [ '5.6.1' ],
65 silly audit   'dom-serialize': [ '2.2.1' ],
65 silly audit   'dom-serializer': [ '2.0.0' ],
65 silly audit   domelementtype: [ '2.3.0' ],
65 silly audit   domhandler: [ '5.0.3' ],
65 silly audit   domutils: [ '3.1.0' ],
65 silly audit   eastasianwidth: [ '0.2.0' ],
65 silly audit   'ee-first': [ '1.1.1' ],
65 silly audit   'electron-to-chromium': [ '1.5.50' ],
65 silly audit   'emojis-list': [ '3.0.0' ],
65 silly audit   encodeurl: [ '1.0.2', '2.0.0' ],
65 silly audit   encoding: [ '0.1.13' ],
65 silly audit   'iconv-lite': [ '0.6.3', '0.4.24' ],
65 silly audit   'engine.io': [ '6.6.2' ],
65 silly audit   'engine.io-parser': [ '5.2.3' ],
65 silly audit   'enhanced-resolve': [ '5.17.1' ],
65 silly audit   ent: [ '2.2.1' ],
65 silly audit   entities: [ '4.5.0' ],
65 silly audit   'env-paths': [ '2.2.1' ],
65 silly audit   environment: [ '1.1.0' ],
65 silly audit   'err-code': [ '2.0.3' ],
65 silly audit   errno: [ '0.1.8' ],
65 silly audit   'error-ex': [ '1.3.2' ],
65 silly audit   'es-define-property': [ '1.0.0' ],
65 silly audit   'es-errors': [ '1.3.0' ],
65 silly audit   'es-module-lexer': [ '1.5.4' ],
65 silly audit   esbuild: [ '0.23.0', '0.21.5' ],
65 silly audit   'esbuild-wasm': [ '0.23.0' ],
65 silly audit   escalade: [ '3.2.0' ],
65 silly audit   'escape-html': [ '1.0.3' ],
65 silly audit   'eslint-scope': [ '5.1.1' ],
65 silly audit   esrecurse: [ '4.3.0' ],
65 silly audit   estraverse: [ '5.3.0', '4.3.0' ],
65 silly audit   esutils: [ '2.0.3' ],
65 silly audit   etag: [ '1.8.1' ],
65 silly audit   eventemitter3: [ '4.0.7', '5.0.1' ],
65 silly audit   events: [ '3.3.0' ],
65 silly audit   execa: [ '5.1.1' ],
65 silly audit   onetime: [ '5.1.2', '7.0.0' ],
65 silly audit   'signal-exit': [ '3.0.7', '4.1.0' ],
65 silly audit   'exponential-backoff': [ '3.1.1' ],
65 silly audit   express: [ '4.21.1' ],
65 silly audit   finalhandler: [ '1.3.1', '1.1.2' ],
65 silly audit   statuses: [ '2.0.1', '1.5.0' ],
65 silly audit   extend: [ '3.0.2' ],
65 silly audit   'external-editor': [ '3.1.0' ],
65 silly audit   'fast-deep-equal': [ '3.1.3' ],
65 silly audit   'fast-glob': [ '3.3.2' ],
65 silly audit   'fast-json-stable-stringify': [ '2.1.0' ],
65 silly audit   'fast-uri': [ '3.0.3' ],
65 silly audit   fastq: [ '1.17.1' ],
65 silly audit   'faye-websocket': [ '0.11.4' ],
65 silly audit   'fill-range': [ '7.1.1' ],
65 silly audit   'on-finished': [ '2.3.0', '2.4.1' ],
65 silly audit   'find-cache-dir': [ '4.0.0' ],
65 silly audit   'find-up': [ '6.3.0' ],
65 silly audit   flat: [ '5.0.2' ],
65 silly audit   flatted: [ '3.3.1' ],
65 silly audit   'follow-redirects': [ '1.15.9' ],
65 silly audit   'foreground-child': [ '3.3.0' ],
65 silly audit   forwarded: [ '0.2.0' ],
65 silly audit   'fraction.js': [ '4.3.7' ],
65 silly audit   fresh: [ '0.5.2' ],
65 silly audit   'fs-extra': [ '8.1.0' ],
65 silly audit   'fs-minipass': [ '3.0.3', '2.1.0' ],
65 silly audit   'fs.realpath': [ '1.0.0' ],
65 silly audit   fsevents: [ '2.3.3' ],
65 silly audit   'function-bind': [ '1.1.2' ],
65 silly audit   gensync: [ '1.0.0-beta.2' ],
65 silly audit   'get-caller-file': [ '2.0.5' ],
65 silly audit   'get-east-asian-width': [ '1.3.0' ],
65 silly audit   'get-intrinsic': [ '1.2.4' ],
65 silly audit   'get-stream': [ '6.0.1' ],
65 silly audit   'glob-to-regexp': [ '0.4.1' ],
65 silly audit   globals: [ '11.12.0' ],
65 silly audit   globby: [ '14.0.2' ],
65 silly audit   gopd: [ '1.0.1' ],
65 silly audit   'graceful-fs': [ '4.2.11' ],
65 silly audit   'handle-thing': [ '2.0.1' ],
65 silly audit   'has-flag': [ '4.0.0' ],
65 silly audit   'has-property-descriptors': [ '1.0.2' ],
65 silly audit   'has-proto': [ '1.0.3' ],
65 silly audit   'has-symbols': [ '1.0.3' ],
65 silly audit   hasown: [ '2.0.2' ],
65 silly audit   'hosted-git-info': [ '7.0.2' ],
65 silly audit   'hpack.js': [ '2.1.6' ],
65 silly audit   'readable-stream': [ '2.3.8', '3.6.2' ],
65 silly audit   'safe-buffer': [ '5.1.2', '5.2.1' ],
65 silly audit   string_decoder: [ '1.1.1', '1.3.0' ],
65 silly audit   'html-entities': [ '2.5.2' ],
65 silly audit   'html-escaper': [ '2.0.2' ],
65 silly audit   htmlparser2: [ '8.0.2' ],
65 silly audit   'http-cache-semantics': [ '4.1.1' ],
65 silly audit   'http-deceiver': [ '1.2.7' ],
65 silly audit   'http-errors': [ '2.0.0', '1.6.3' ],
65 silly audit   'http-parser-js': [ '0.5.8' ],
65 silly audit   'http-proxy': [ '1.18.1' ],
65 silly audit   'http-proxy-agent': [ '7.0.2' ],
65 silly audit   'http-proxy-middleware': [ '3.0.3', '2.0.7' ],
65 silly audit   'https-proxy-agent': [ '7.0.5' ],
65 silly audit   'human-signals': [ '2.1.0' ],
65 silly audit   hyperdyperid: [ '1.2.0' ],
65 silly audit   'icss-utils': [ '5.1.0' ],
65 silly audit   ieee754: [ '1.2.1' ],
65 silly audit   ignore: [ '5.3.2' ],
65 silly audit   'ignore-walk': [ '6.0.5' ],
65 silly audit   'image-size': [ '0.5.5' ],
65 silly audit   immutable: [ '4.3.7' ],
65 silly audit   'import-fresh': [ '3.3.0' ],
65 silly audit   imurmurhash: [ '0.1.4' ],
65 silly audit   'indent-string': [ '4.0.0' ],
65 silly audit   inflight: [ '1.0.6' ],
65 silly audit   inherits: [ '2.0.4', '2.0.3' ],
65 silly audit   ini: [ '4.1.3' ],
65 silly audit   'ip-address': [ '9.0.5' ],
65 silly audit   'ipaddr.js': [ '2.2.0', '1.9.1' ],
65 silly audit   'is-arrayish': [ '0.2.1' ],
65 silly audit   'is-binary-path': [ '2.1.0' ],
65 silly audit   'is-core-module': [ '2.15.1' ],
65 silly audit   'is-docker': [ '3.0.0' ],
65 silly audit   'is-extglob': [ '2.1.1' ],
65 silly audit   'is-glob': [ '4.0.3' ],
65 silly audit   'is-inside-container': [ '1.0.0' ],
65 silly audit   'is-interactive': [ '1.0.0' ],
65 silly audit   'is-lambda': [ '1.0.1' ],
65 silly audit   'is-network-error': [ '1.1.0' ],
65 silly audit   'is-number': [ '7.0.0' ],
65 silly audit   'is-plain-obj': [ '3.0.0' ],
65 silly audit   'is-stream': [ '2.0.1' ],
65 silly audit   'is-unicode-supported': [ '0.1.0' ],
65 silly audit   'is-what': [ '3.14.1' ],
65 silly audit   'is-wsl': [ '3.1.0' ],
65 silly audit   isarray: [ '1.0.0' ],
65 silly audit   isbinaryfile: [ '4.0.10' ],
65 silly audit   isobject: [ '3.0.1' ],
65 silly audit   'istanbul-lib-coverage': [ '3.2.2' ],
65 silly audit   'istanbul-lib-instrument': [ '6.0.3', '5.2.1' ],
65 silly audit   'istanbul-lib-report': [ '3.0.1' ],
65 silly audit   'istanbul-lib-source-maps': [ '4.0.1' ],
65 silly audit   'source-map': [ '0.6.1', '0.7.4' ],
65 silly audit   'istanbul-reports': [ '3.1.7' ],
65 silly audit   jackspeak: [ '3.4.3' ],
65 silly audit   'jasmine-core': [ '5.2.0', '4.6.1' ],
65 silly audit   'jest-worker': [ '27.5.1' ],
65 silly audit   'supports-color': [ '8.1.1', '7.2.0' ],
65 silly audit   jiti: [ '1.21.6' ],
65 silly audit   'js-tokens': [ '4.0.0' ],
65 silly audit   'js-yaml': [ '4.1.0' ],
65 silly audit   jsbn: [ '1.1.0' ],
65 silly audit   'json-parse-even-better-errors': [ '3.0.2', '2.3.1' ],
65 silly audit   'json-schema-traverse': [ '1.0.0', '0.4.1' ],
65 silly audit   json5: [ '2.2.3' ],
65 silly audit   'jsonc-parser': [ '3.3.1' ],
65 silly audit   jsonfile: [ '4.0.0' ],
65 silly audit   jsonparse: [ '1.3.1' ],
65 silly audit   karma: [ '6.4.4' ],
65 silly audit   'karma-chrome-launcher': [ '3.2.0' ],
65 silly audit   'karma-coverage': [ '2.2.1' ],
65 silly audit   'karma-jasmine': [ '5.1.0' ],
65 silly audit   'karma-jasmine-html-reporter': [ '2.1.0' ],
65 silly audit   'karma-source-map-support': [ '1.4.0' ],
65 silly audit   tmp: [ '0.2.3', '0.0.33' ],
65 silly audit   yargs: [ '16.2.0', '17.7.2' ],
65 silly audit   'yargs-parser': [ '20.2.9', '21.1.1' ],
65 silly audit   'kind-of': [ '6.0.3' ],
65 silly audit   'launch-editor': [ '2.9.1' ],
65 silly audit   less: [ '4.2.0' ],
65 silly audit   'less-loader': [ '12.2.0' ],
65 silly audit   'make-dir': [ '2.1.0', '4.0.0' ],
65 silly audit   mime: [ '1.6.0', '2.6.0' ],
65 silly audit   'license-webpack-plugin': [ '4.0.2' ],
65 silly audit   'lines-and-columns': [ '1.2.4' ],
65 silly audit   listr2: [ '8.2.4' ],
65 silly audit   lmdb: [ '3.0.13' ],
65 silly audit   'loader-runner': [ '4.3.0' ],
65 silly audit   'locate-path': [ '7.2.0' ],
65 silly audit   lodash: [ '4.17.21' ],
65 silly audit   'lodash.debounce': [ '4.0.8' ],
65 silly audit   'log-symbols': [ '4.1.0' ],
65 silly audit   'log-update': [ '6.1.0' ],
65 silly audit   'slice-ansi': [ '7.1.0', '5.0.0' ],
65 silly audit   log4js: [ '6.9.1' ],
65 silly audit   'magic-string': [ '0.30.11' ],
65 silly audit   'make-fetch-happen': [ '13.0.1' ],
65 silly audit   'media-typer': [ '0.3.0' ],
65 silly audit   memfs: [ '4.14.0' ],
65 silly audit   'merge-descriptors': [ '1.0.3' ],
65 silly audit   'merge-stream': [ '2.0.0' ],
65 silly audit   merge2: [ '1.4.1' ],
65 silly audit   methods: [ '1.1.2' ],
65 silly audit   micromatch: [ '4.0.8' ],
65 silly audit   'mime-db': [ '1.52.0' ],
65 silly audit   'mime-types': [ '2.1.35' ],
65 silly audit   'mimic-fn': [ '2.1.0' ],
65 silly audit   'mimic-function': [ '5.0.1' ],
65 silly audit   'mini-css-extract-plugin': [ '2.9.0' ],
65 silly audit   'minimalistic-assert': [ '1.0.1' ],
65 silly audit   minimist: [ '1.2.8' ],
65 silly audit   minipass: [ '7.1.2', '3.3.6', '5.0.0' ],
65 silly audit   'minipass-collect': [ '2.0.1' ],
65 silly audit   'minipass-fetch': [ '3.0.5' ],
65 silly audit   'minipass-flush': [ '1.0.5' ],
65 silly audit   yallist: [ '4.0.0', '3.1.1' ],
65 silly audit   'minipass-pipeline': [ '1.2.4' ],
65 silly audit   'minipass-sized': [ '1.0.3' ],
65 silly audit   minizlib: [ '2.1.2' ],
65 silly audit   mkdirp: [ '0.5.6', '1.0.4' ],
65 silly audit   mrmime: [ '2.0.0' ],
65 silly audit   msgpackr: [ '1.11.2' ],
65 silly audit   'msgpackr-extract': [ '3.0.3' ],
65 silly audit   'multicast-dns': [ '7.2.5' ],
65 silly audit   'mute-stream': [ '1.0.0' ],
65 silly audit   nanoid: [ '3.3.7' ],
65 silly audit   needle: [ '3.3.1' ],
65 silly audit   'neo-async': [ '2.6.2' ],
65 silly audit   'nice-napi': [ '1.0.2' ],
65 silly audit   'node-addon-api': [ '3.2.1', '6.1.0' ],
65 silly audit   'node-forge': [ '1.3.1' ],
65 silly audit   'node-gyp': [ '10.2.0' ],
65 silly audit   'node-gyp-build': [ '4.8.2' ],
65 silly audit   'node-gyp-build-optional-packages': [ '5.2.2' ],
65 silly audit   'node-releases': [ '2.0.18' ],
65 silly audit   nopt: [ '7.2.1' ],
65 silly audit   'normalize-package-data': [ '6.0.2' ],
65 silly audit   'normalize-path': [ '3.0.0' ],
65 silly audit   'normalize-range': [ '0.1.2' ],
65 silly audit   'npm-bundled': [ '3.0.1' ],
65 silly audit   'npm-install-checks': [ '6.3.0' ],
65 silly audit   'npm-normalize-package-bin': [ '3.0.1' ],
65 silly audit   'npm-package-arg': [ '11.0.3' ],
65 silly audit   'npm-packlist': [ '8.0.2' ],
65 silly audit   'npm-pick-manifest': [ '9.1.0' ],
65 silly audit   'npm-registry-fetch': [ '17.1.0' ],
65 silly audit   'npm-run-path': [ '4.0.1' ],
65 silly audit   'nth-check': [ '2.1.1' ],
65 silly audit   'object-assign': [ '4.1.1' ],
65 silly audit   'object-inspect': [ '1.13.2' ],
65 silly audit   obuf: [ '1.1.2' ],
65 silly audit   'on-headers': [ '1.0.2' ],
65 silly audit   once: [ '1.4.0' ],
65 silly audit   open: [ '10.1.0' ],
65 silly audit   ora: [ '5.4.1' ],
65 silly audit   'restore-cursor': [ '3.1.0', '5.1.0' ],
65 silly audit   'ordered-binary': [ '1.5.3' ],
65 silly audit   'os-tmpdir': [ '1.0.2' ],
65 silly audit   'p-limit': [ '4.0.0' ],
65 silly audit   'p-locate': [ '6.0.0' ],
65 silly audit   'p-map': [ '4.0.0' ],
65 silly audit   'p-retry': [ '6.2.0' ],
65 silly audit   retry: [ '0.13.1', '0.12.0' ],
65 silly audit   'package-json-from-dist': [ '1.0.1' ],
65 silly audit   pacote: [ '18.0.6' ],
65 silly audit   'parent-module': [ '1.0.1' ],
65 silly audit   'parse-json': [ '5.2.0' ],
65 silly audit   'parse-node-version': [ '1.0.1' ],
65 silly audit   parse5: [ '7.2.1' ],
65 silly audit   'parse5-html-rewriting-stream': [ '7.0.0' ],
65 silly audit   'parse5-sax-parser': [ '7.0.0' ],
65 silly audit   parseurl: [ '1.3.3' ],
65 silly audit   'path-exists': [ '5.0.0' ],
65 silly audit   'path-is-absolute': [ '1.0.1' ],
65 silly audit   'path-key': [ '3.1.1' ],
65 silly audit   'path-parse': [ '1.0.7' ],
65 silly audit   'path-scurry': [ '1.11.1' ],
65 silly audit   'path-to-regexp': [ '0.1.10' ],
65 silly audit   'path-type': [ '5.0.0' ],
65 silly audit   picocolors: [ '1.1.1' ],
65 silly audit   pify: [ '4.0.1' ],
65 silly audit   piscina: [ '4.6.1' ],
65 silly audit   'pkg-dir': [ '7.0.0' ],
65 silly audit   postcss: [ '8.4.41', '8.4.47' ],
65 silly audit   'postcss-loader': [ '8.1.1' ],
65 silly audit   'postcss-media-query-parser': [ '0.2.3' ],
65 silly audit   'postcss-modules-extract-imports': [ '3.1.0' ],
65 silly audit   'postcss-modules-local-by-default': [ '4.0.5' ],
65 silly audit   'postcss-modules-scope': [ '3.2.0' ],
65 silly audit   'postcss-modules-values': [ '4.0.0' ],
65 silly audit   'postcss-selector-parser': [ '6.1.2' ],
65 silly audit   'postcss-value-parser': [ '4.2.0' ],
65 silly audit   'proc-log': [ '4.2.0' ],
65 silly audit   'process-nextick-args': [ '2.0.1' ],
65 silly audit   'promise-inflight': [ '1.0.1' ],
65 silly audit   'promise-retry': [ '2.0.1' ],
65 silly audit   'proxy-addr': [ '2.0.7' ],
65 silly audit   prr: [ '1.0.1' ],
65 silly audit   punycode: [ '1.4.1', '2.3.1' ],
65 silly audit   qjobs: [ '1.2.0' ],
65 silly audit   qs: [ '6.13.0' ],
65 silly audit   'queue-microtask': [ '1.2.3' ],
65 silly audit   randombytes: [ '2.1.0' ],
65 silly audit   'range-parser': [ '1.2.1' ],
65 silly audit   'raw-body': [ '2.5.2' ],
65 silly audit   'reflect-metadata': [ '0.2.2' ],
65 silly audit   regenerate: [ '1.4.2' ],
65 silly audit   'regenerate-unicode-properties': [ '10.2.0' ],
65 silly audit   'regenerator-runtime': [ '0.14.1' ],
65 silly audit   'regenerator-transform': [ '0.15.2' ],
65 silly audit   'regex-parser': [ '2.3.0' ],
65 silly audit   'regexpu-core': [ '6.1.1' ],
65 silly audit   regjsgen: [ '0.8.0' ],
65 silly audit   regjsparser: [ '0.11.2' ],
65 silly audit   'require-directory': [ '2.1.1' ],
65 silly audit   'require-from-string': [ '2.0.2' ],
65 silly audit   'requires-port': [ '1.0.0' ],
65 silly audit   resolve: [ '1.22.8' ],
65 silly audit   'resolve-from': [ '4.0.0' ],
65 silly audit   'resolve-url-loader': [ '5.0.0' ],
65 silly audit   reusify: [ '1.0.4' ],
65 silly audit   rfdc: [ '1.4.1' ],
65 silly audit   rimraf: [ '3.0.2', '5.0.10' ],
65 silly audit   rollup: [ '4.22.4' ],
65 silly audit   'run-applescript': [ '7.0.0' ],
65 silly audit   'run-parallel': [ '1.2.0' ],
65 silly audit   rxjs: [ '7.8.1' ],
65 silly audit   'safer-buffer': [ '2.1.2' ],
65 silly audit   sass: [ '1.77.6' ],
65 silly audit   'sass-loader': [ '16.0.0' ],
65 silly audit   sax: [ '1.4.1' ],
65 silly audit   'schema-utils': [ '4.2.0', '3.3.0' ],
65 silly audit   'select-hose': [ '2.0.0' ],
65 silly audit   selfsigned: [ '2.4.1' ],
65 silly audit   send: [ '0.19.0' ],
65 silly audit   'serialize-javascript': [ '6.0.2' ],
65 silly audit   'serve-index': [ '1.9.1' ],
65 silly audit   setprototypeof: [ '1.1.0', '1.2.0' ],
65 silly audit   'serve-static': [ '1.16.2' ],
65 silly audit   'set-function-length': [ '1.2.2' ],
65 silly audit   'shallow-clone': [ '3.0.1' ],
65 silly audit   'shebang-command': [ '2.0.0' ],
65 silly audit   'shebang-regex': [ '3.0.0' ],
65 silly audit   'shell-quote': [ '1.8.1' ],
65 silly audit   'side-channel': [ '1.0.6' ],
65 silly audit   sigstore: [ '2.3.1' ],
65 silly audit   slash: [ '5.1.0' ],
65 silly audit   'smart-buffer': [ '4.2.0' ],
65 silly audit   'socket.io': [ '4.8.1' ],
65 silly audit   'socket.io-adapter': [ '2.5.5' ],
65 silly audit   'socket.io-parser': [ '4.2.4' ],
65 silly audit   sockjs: [ '0.3.24' ],
65 silly audit   socks: [ '2.8.3' ],
65 silly audit   'socks-proxy-agent': [ '8.0.4' ],
65 silly audit   'source-map-js': [ '1.2.1' ],
65 silly audit   'source-map-loader': [ '5.0.0' ],
65 silly audit   'source-map-support': [ '0.5.21' ],
65 silly audit   'spdx-correct': [ '3.2.0' ],
65 silly audit   'spdx-exceptions': [ '2.5.0' ],
65 silly audit   'spdx-expression-parse': [ '3.0.1' ],
65 silly audit   'spdx-license-ids': [ '3.0.20' ],
65 silly audit   spdy: [ '4.0.2' ],
65 silly audit   'spdy-transport': [ '3.0.0' ],
65 silly audit   'sprintf-js': [ '1.1.3' ],
65 silly audit   ssri: [ '10.0.6' ],
65 silly audit   streamroller: [ '3.1.5' ],
65 silly audit   'strip-final-newline': [ '2.0.0' ],
65 silly audit   'supports-preserve-symlinks-flag': [ '1.0.0' ],
65 silly audit   'symbol-observable': [ '4.0.0' ],
65 silly audit   tapable: [ '2.2.1' ],
65 silly audit   tar: [ '6.2.1' ],
65 silly audit   terser: [ '5.31.6' ],
65 silly audit   'terser-webpack-plugin': [ '5.3.10' ],
65 silly audit   thingies: [ '1.21.0' ],
65 silly audit   thunky: [ '1.1.0' ],
65 silly audit   'to-regex-range': [ '5.0.1' ],
65 silly audit   toidentifier: [ '1.0.1' ],
65 silly audit   'tree-dump': [ '1.0.2' ],
65 silly audit   'tree-kill': [ '1.2.2' ],
65 silly audit   'tuf-js': [ '2.2.1' ],
65 silly audit   'type-fest': [ '0.21.3' ],
65 silly audit   'type-is': [ '1.6.18' ],
65 silly audit   'typed-assert': [ '1.0.9' ],
65 silly audit   typescript: [ '5.5.4' ],
65 silly audit   'ua-parser-js': [ '0.7.39' ],
65 silly audit   'undici-types': [ '6.19.8' ],
65 silly audit   'unicode-canonical-property-names-ecmascript': [ '2.0.1' ],
65 silly audit   'unicode-match-property-ecmascript': [ '2.0.0' ],
65 silly audit   'unicode-match-property-value-ecmascript': [ '2.2.0' ],
65 silly audit   'unicode-property-aliases-ecmascript': [ '2.1.0' ],
65 silly audit   'unicorn-magic': [ '0.1.0' ],
65 silly audit   'unique-filename': [ '3.0.0' ],
65 silly audit   'unique-slug': [ '4.0.0' ],
65 silly audit   universalify: [ '0.1.2' ],
65 silly audit   unpipe: [ '1.0.0' ],
65 silly audit   'update-browserslist-db': [ '1.1.1' ],
65 silly audit   'uri-js': [ '4.4.1' ],
65 silly audit   'util-deprecate': [ '1.0.2' ],
65 silly audit   'utils-merge': [ '1.0.1' ],
65 silly audit   uuid: [ '8.3.2' ],
65 silly audit   'validate-npm-package-license': [ '3.0.4' ],
65 silly audit   'validate-npm-package-name': [ '5.0.1' ],
65 silly audit   vary: [ '1.1.2' ],
65 silly audit   vite: [ '5.4.6' ],
65 silly audit   'void-elements': [ '2.0.1' ],
65 silly audit   watchpack: [ '2.4.1' ],
65 silly audit   wbuf: [ '1.7.3' ],
65 silly audit   wcwidth: [ '1.0.1' ],
65 silly audit   'weak-lru-cache': [ '1.2.2' ],
65 silly audit   webpack: [ '5.94.0' ],
65 silly audit   'webpack-dev-middleware': [ '7.4.2' ],
65 silly audit   'webpack-dev-server': [ '5.0.4' ],
65 silly audit   'webpack-merge': [ '6.0.1' ],
65 silly audit   'webpack-sources': [ '3.2.3' ],
65 silly audit   'webpack-subresource-integrity': [ '5.1.0' ],
65 silly audit   'websocket-driver': [ '0.7.4' ],
65 silly audit   'websocket-extensions': [ '0.1.4' ],
65 silly audit   wildcard: [ '2.0.1' ],
65 silly audit   wrappy: [ '1.0.2' ],
65 silly audit   ws: [ '8.17.1' ],
65 silly audit   y18n: [ '5.0.8' ],
65 silly audit   'yocto-queue': [ '1.1.1' ],
65 silly audit   'yoctocolors-cjs': [ '2.1.2' ],
65 silly audit   'zone.js': [ '0.14.10' ]
65 silly audit }
66 verbose reify failed optional dependency C:\Test\my-clientapp-angular\node_modules\nice-napi
67 silly reify mark deleted [ 'C:\\Test\\my-clientapp-angular\\node_modules\\nice-napi' ]
68 verbose reify failed optional dependency C:\Test\my-clientapp-angular\node_modules\nice-napi\node_modules\node-addon-api
69 silly reify mark deleted [
69 silly reify   'C:\\Test\\my-clientapp-angular\\node_modules\\nice-napi\\node_modules\\node-addon-api'
69 silly reify ]
70 verbose reify failed optional dependency C:\Test\my-clientapp-angular\node_modules\node-gyp-build
71 silly reify mark deleted [
71 silly reify   'C:\\Test\\my-clientapp-angular\\node_modules\\node-gyp-build',
71 silly reify   'C:\\Test\\my-clientapp-angular\\node_modules\\.bin\\node-gyp-build',
71 silly reify   'C:\\Test\\my-clientapp-angular\\node_modules\\.bin\\node-gyp-build.cmd',
71 silly reify   'C:\\Test\\my-clientapp-angular\\node_modules\\.bin\\node-gyp-build.ps1',
71 silly reify   'C:\\Test\\my-clientapp-angular\\node_modules\\.bin\\node-gyp-build-optional',
71 silly reify   'C:\\Test\\my-clientapp-angular\\node_modules\\.bin\\node-gyp-build-optional.cmd',
71 silly reify   'C:\\Test\\my-clientapp-angular\\node_modules\\.bin\\node-gyp-build-optional.ps1',
71 silly reify   'C:\\Test\\my-clientapp-angular\\node_modules\\.bin\\node-gyp-build-test',
71 silly reify   'C:\\Test\\my-clientapp-angular\\node_modules\\.bin\\node-gyp-build-test.cmd',
71 silly reify   'C:\\Test\\my-clientapp-angular\\node_modules\\.bin\\node-gyp-build-test.ps1'
71 silly reify ]
72 verbose reify failed optional dependency C:\Test\my-clientapp-angular\node_modules\fsevents
73 silly reify mark deleted [ 'C:\\Test\\my-clientapp-angular\\node_modules\\fsevents' ]
74 verbose reify failed optional dependency C:\Test\my-clientapp-angular\node_modules\@rollup\rollup-win32-ia32-msvc
75 silly reify mark deleted [
75 silly reify   'C:\\Test\\my-clientapp-angular\\node_modules\\@rollup\\rollup-win32-ia32-msvc'
75 silly reify ]
76 verbose reify failed optional dependency C:\Test\my-clientapp-angular\node_modules\@rollup\rollup-win32-arm64-msvc
77 silly reify mark deleted [
77 silly reify   'C:\\Test\\my-clientapp-angular\\node_modules\\@rollup\\rollup-win32-arm64-msvc'
77 silly reify ]
78 verbose reify failed optional dependency C:\Test\my-clientapp-angular\node_modules\@rollup\rollup-linux-x64-musl
79 silly reify mark deleted [
79 silly reify   'C:\\Test\\my-clientapp-angular\\node_modules\\@rollup\\rollup-linux-x64-musl'
79 silly reify ]
80 verbose reify failed optional dependency C:\Test\my-clientapp-angular\node_modules\@rollup\rollup-linux-x64-gnu
81 silly reify mark deleted [
81 silly reify   'C:\\Test\\my-clientapp-angular\\node_modules\\@rollup\\rollup-linux-x64-gnu'
81 silly reify ]
82 verbose reify failed optional dependency C:\Test\my-clientapp-angular\node_modules\@rollup\rollup-linux-s390x-gnu
83 silly reify mark deleted [
83 silly reify   'C:\\Test\\my-clientapp-angular\\node_modules\\@rollup\\rollup-linux-s390x-gnu'
83 silly reify ]
84 verbose reify failed optional dependency C:\Test\my-clientapp-angular\node_modules\@rollup\rollup-linux-riscv64-gnu
85 silly reify mark deleted [
85 silly reify   'C:\\Test\\my-clientapp-angular\\node_modules\\@rollup\\rollup-linux-riscv64-gnu'
85 silly reify ]
86 verbose reify failed optional dependency C:\Test\my-clientapp-angular\node_modules\@rollup\rollup-linux-powerpc64le-gnu
87 silly reify mark deleted [
87 silly reify   'C:\\Test\\my-clientapp-angular\\node_modules\\@rollup\\rollup-linux-powerpc64le-gnu'
87 silly reify ]
88 verbose reify failed optional dependency C:\Test\my-clientapp-angular\node_modules\@rollup\rollup-linux-arm64-musl
89 silly reify mark deleted [
89 silly reify   'C:\\Test\\my-clientapp-angular\\node_modules\\@rollup\\rollup-linux-arm64-musl'
89 silly reify ]
90 verbose reify failed optional dependency C:\Test\my-clientapp-angular\node_modules\@rollup\rollup-linux-arm64-gnu
91 silly reify mark deleted [
91 silly reify   'C:\\Test\\my-clientapp-angular\\node_modules\\@rollup\\rollup-linux-arm64-gnu'
91 silly reify ]
92 verbose reify failed optional dependency C:\Test\my-clientapp-angular\node_modules\@rollup\rollup-linux-arm-musleabihf
93 silly reify mark deleted [
93 silly reify   'C:\\Test\\my-clientapp-angular\\node_modules\\@rollup\\rollup-linux-arm-musleabihf'
93 silly reify ]
94 verbose reify failed optional dependency C:\Test\my-clientapp-angular\node_modules\@rollup\rollup-linux-arm-gnueabihf
95 silly reify mark deleted [
95 silly reify   'C:\\Test\\my-clientapp-angular\\node_modules\\@rollup\\rollup-linux-arm-gnueabihf'
95 silly reify ]
96 verbose reify failed optional dependency C:\Test\my-clientapp-angular\node_modules\@rollup\rollup-darwin-x64
97 silly reify mark deleted [
97 silly reify   'C:\\Test\\my-clientapp-angular\\node_modules\\@rollup\\rollup-darwin-x64'
97 silly reify ]
98 verbose reify failed optional dependency C:\Test\my-clientapp-angular\node_modules\@rollup\rollup-darwin-arm64
99 silly reify mark deleted [
99 silly reify   'C:\\Test\\my-clientapp-angular\\node_modules\\@rollup\\rollup-darwin-arm64'
99 silly reify ]
100 verbose reify failed optional dependency C:\Test\my-clientapp-angular\node_modules\@rollup\rollup-android-arm64
101 silly reify mark deleted [
101 silly reify   'C:\\Test\\my-clientapp-angular\\node_modules\\@rollup\\rollup-android-arm64'
101 silly reify ]
102 verbose reify failed optional dependency C:\Test\my-clientapp-angular\node_modules\@rollup\rollup-android-arm-eabi
103 silly reify mark deleted [
103 silly reify   'C:\\Test\\my-clientapp-angular\\node_modules\\@rollup\\rollup-android-arm-eabi'
103 silly reify ]
104 verbose reify failed optional dependency C:\Test\my-clientapp-angular\node_modules\@msgpackr-extract\msgpackr-extract-linux-x64
105 silly reify mark deleted [
105 silly reify   'C:\\Test\\my-clientapp-angular\\node_modules\\@msgpackr-extract\\msgpackr-extract-linux-x64'
105 silly reify ]
106 verbose reify failed optional dependency C:\Test\my-clientapp-angular\node_modules\@msgpackr-extract\msgpackr-extract-linux-arm64
107 silly reify mark deleted [
107 silly reify   'C:\\Test\\my-clientapp-angular\\node_modules\\@msgpackr-extract\\msgpackr-extract-linux-arm64'
107 silly reify ]
108 verbose reify failed optional dependency C:\Test\my-clientapp-angular\node_modules\@msgpackr-extract\msgpackr-extract-linux-arm
109 silly reify mark deleted [
109 silly reify   'C:\\Test\\my-clientapp-angular\\node_modules\\@msgpackr-extract\\msgpackr-extract-linux-arm'
109 silly reify ]
110 verbose reify failed optional dependency C:\Test\my-clientapp-angular\node_modules\@msgpackr-extract\msgpackr-extract-darwin-x64
111 silly reify mark deleted [
111 silly reify   'C:\\Test\\my-clientapp-angular\\node_modules\\@msgpackr-extract\\msgpackr-extract-darwin-x64'
111 silly reify ]
112 verbose reify failed optional dependency C:\Test\my-clientapp-angular\node_modules\@msgpackr-extract\msgpackr-extract-darwin-arm64
113 silly reify mark deleted [
113 silly reify   'C:\\Test\\my-clientapp-angular\\node_modules\\@msgpackr-extract\\msgpackr-extract-darwin-arm64'
113 silly reify ]
114 verbose reify failed optional dependency C:\Test\my-clientapp-angular\node_modules\@lmdb\lmdb-linux-x64
115 silly reify mark deleted [
115 silly reify   'C:\\Test\\my-clientapp-angular\\node_modules\\@lmdb\\lmdb-linux-x64'
115 silly reify ]
116 verbose reify failed optional dependency C:\Test\my-clientapp-angular\node_modules\@lmdb\lmdb-linux-arm64
117 silly reify mark deleted [
117 silly reify   'C:\\Test\\my-clientapp-angular\\node_modules\\@lmdb\\lmdb-linux-arm64'
117 silly reify ]
118 verbose reify failed optional dependency C:\Test\my-clientapp-angular\node_modules\@lmdb\lmdb-linux-arm
119 silly reify mark deleted [
119 silly reify   'C:\\Test\\my-clientapp-angular\\node_modules\\@lmdb\\lmdb-linux-arm'
119 silly reify ]
120 verbose reify failed optional dependency C:\Test\my-clientapp-angular\node_modules\@lmdb\lmdb-darwin-x64
121 silly reify mark deleted [
121 silly reify   'C:\\Test\\my-clientapp-angular\\node_modules\\@lmdb\\lmdb-darwin-x64'
121 silly reify ]
122 verbose reify failed optional dependency C:\Test\my-clientapp-angular\node_modules\@lmdb\lmdb-darwin-arm64
123 silly reify mark deleted [
123 silly reify   'C:\\Test\\my-clientapp-angular\\node_modules\\@lmdb\\lmdb-darwin-arm64'
123 silly reify ]
124 verbose reify failed optional dependency C:\Test\my-clientapp-angular\node_modules\@esbuild\win32-ia32
125 silly reify mark deleted [
125 silly reify   'C:\\Test\\my-clientapp-angular\\node_modules\\@esbuild\\win32-ia32'
125 silly reify ]
126 verbose reify failed optional dependency C:\Test\my-clientapp-angular\node_modules\@esbuild\win32-arm64
127 silly reify mark deleted [
127 silly reify   'C:\\Test\\my-clientapp-angular\\node_modules\\@esbuild\\win32-arm64'
127 silly reify ]
128 verbose reify failed optional dependency C:\Test\my-clientapp-angular\node_modules\@esbuild\sunos-x64
129 silly reify mark deleted [ 'C:\\Test\\my-clientapp-angular\\node_modules\\@esbuild\\sunos-x64' ]
130 verbose reify failed optional dependency C:\Test\my-clientapp-angular\node_modules\@esbuild\openbsd-x64
131 silly reify mark deleted [
131 silly reify   'C:\\Test\\my-clientapp-angular\\node_modules\\@esbuild\\openbsd-x64'
131 silly reify ]
132 verbose reify failed optional dependency C:\Test\my-clientapp-angular\node_modules\@esbuild\openbsd-arm64
133 silly reify mark deleted [
133 silly reify   'C:\\Test\\my-clientapp-angular\\node_modules\\@esbuild\\openbsd-arm64'
133 silly reify ]
134 verbose reify failed optional dependency C:\Test\my-clientapp-angular\node_modules\@esbuild\netbsd-x64
135 silly reify mark deleted [
135 silly reify   'C:\\Test\\my-clientapp-angular\\node_modules\\@esbuild\\netbsd-x64'
135 silly reify ]
136 verbose reify failed optional dependency C:\Test\my-clientapp-angular\node_modules\@esbuild\linux-x64
137 silly reify mark deleted [ 'C:\\Test\\my-clientapp-angular\\node_modules\\@esbuild\\linux-x64' ]
138 verbose reify failed optional dependency C:\Test\my-clientapp-angular\node_modules\@esbuild\linux-s390x
139 silly reify mark deleted [
139 silly reify   'C:\\Test\\my-clientapp-angular\\node_modules\\@esbuild\\linux-s390x'
139 silly reify ]
140 verbose reify failed optional dependency C:\Test\my-clientapp-angular\node_modules\@esbuild\linux-riscv64
141 silly reify mark deleted [
141 silly reify   'C:\\Test\\my-clientapp-angular\\node_modules\\@esbuild\\linux-riscv64'
141 silly reify ]
142 verbose reify failed optional dependency C:\Test\my-clientapp-angular\node_modules\@esbuild\linux-ppc64
143 silly reify mark deleted [
143 silly reify   'C:\\Test\\my-clientapp-angular\\node_modules\\@esbuild\\linux-ppc64'
143 silly reify ]
144 verbose reify failed optional dependency C:\Test\my-clientapp-angular\node_modules\@esbuild\linux-mips64el
145 silly reify mark deleted [
145 silly reify   'C:\\Test\\my-clientapp-angular\\node_modules\\@esbuild\\linux-mips64el'
145 silly reify ]
146 verbose reify failed optional dependency C:\Test\my-clientapp-angular\node_modules\@esbuild\linux-loong64
147 silly reify mark deleted [
147 silly reify   'C:\\Test\\my-clientapp-angular\\node_modules\\@esbuild\\linux-loong64'
147 silly reify ]
148 verbose reify failed optional dependency C:\Test\my-clientapp-angular\node_modules\@esbuild\linux-ia32
149 silly reify mark deleted [
149 silly reify   'C:\\Test\\my-clientapp-angular\\node_modules\\@esbuild\\linux-ia32'
149 silly reify ]
150 verbose reify failed optional dependency C:\Test\my-clientapp-angular\node_modules\@esbuild\linux-arm64
151 silly reify mark deleted [
151 silly reify   'C:\\Test\\my-clientapp-angular\\node_modules\\@esbuild\\linux-arm64'
151 silly reify ]
152 verbose reify failed optional dependency C:\Test\my-clientapp-angular\node_modules\@esbuild\linux-arm
153 silly reify mark deleted [ 'C:\\Test\\my-clientapp-angular\\node_modules\\@esbuild\\linux-arm' ]
154 verbose reify failed optional dependency C:\Test\my-clientapp-angular\node_modules\@esbuild\freebsd-x64
155 silly reify mark deleted [
155 silly reify   'C:\\Test\\my-clientapp-angular\\node_modules\\@esbuild\\freebsd-x64'
155 silly reify ]
156 verbose reify failed optional dependency C:\Test\my-clientapp-angular\node_modules\@esbuild\freebsd-arm64
157 silly reify mark deleted [
157 silly reify   'C:\\Test\\my-clientapp-angular\\node_modules\\@esbuild\\freebsd-arm64'
157 silly reify ]
158 verbose reify failed optional dependency C:\Test\my-clientapp-angular\node_modules\@esbuild\darwin-x64
159 silly reify mark deleted [
159 silly reify   'C:\\Test\\my-clientapp-angular\\node_modules\\@esbuild\\darwin-x64'
159 silly reify ]
160 verbose reify failed optional dependency C:\Test\my-clientapp-angular\node_modules\@esbuild\darwin-arm64
161 silly reify mark deleted [
161 silly reify   'C:\\Test\\my-clientapp-angular\\node_modules\\@esbuild\\darwin-arm64'
161 silly reify ]
162 verbose reify failed optional dependency C:\Test\my-clientapp-angular\node_modules\@esbuild\android-x64
163 silly reify mark deleted [
163 silly reify   'C:\\Test\\my-clientapp-angular\\node_modules\\@esbuild\\android-x64'
163 silly reify ]
164 verbose reify failed optional dependency C:\Test\my-clientapp-angular\node_modules\@esbuild\android-arm64
165 silly reify mark deleted [
165 silly reify   'C:\\Test\\my-clientapp-angular\\node_modules\\@esbuild\\android-arm64'
165 silly reify ]
166 verbose reify failed optional dependency C:\Test\my-clientapp-angular\node_modules\@esbuild\android-arm
167 silly reify mark deleted [
167 silly reify   'C:\\Test\\my-clientapp-angular\\node_modules\\@esbuild\\android-arm'
167 silly reify ]
168 verbose reify failed optional dependency C:\Test\my-clientapp-angular\node_modules\@esbuild\aix-ppc64
169 silly reify mark deleted [ 'C:\\Test\\my-clientapp-angular\\node_modules\\@esbuild\\aix-ppc64' ]
170 verbose reify failed optional dependency C:\Test\my-clientapp-angular\node_modules\vite\node_modules\@esbuild\win32-ia32
171 silly reify mark deleted [
171 silly reify   'C:\\Test\\my-clientapp-angular\\node_modules\\vite\\node_modules\\@esbuild\\win32-ia32'
171 silly reify ]
172 verbose reify failed optional dependency C:\Test\my-clientapp-angular\node_modules\vite\node_modules\@esbuild\win32-arm64
173 silly reify mark deleted [
173 silly reify   'C:\\Test\\my-clientapp-angular\\node_modules\\vite\\node_modules\\@esbuild\\win32-arm64'
173 silly reify ]
174 verbose reify failed optional dependency C:\Test\my-clientapp-angular\node_modules\vite\node_modules\@esbuild\sunos-x64
175 silly reify mark deleted [
175 silly reify   'C:\\Test\\my-clientapp-angular\\node_modules\\vite\\node_modules\\@esbuild\\sunos-x64'
175 silly reify ]
176 verbose reify failed optional dependency C:\Test\my-clientapp-angular\node_modules\vite\node_modules\@esbuild\openbsd-x64
177 silly reify mark deleted [
177 silly reify   'C:\\Test\\my-clientapp-angular\\node_modules\\vite\\node_modules\\@esbuild\\openbsd-x64'
177 silly reify ]
178 verbose reify failed optional dependency C:\Test\my-clientapp-angular\node_modules\vite\node_modules\@esbuild\netbsd-x64
179 silly reify mark deleted [
179 silly reify   'C:\\Test\\my-clientapp-angular\\node_modules\\vite\\node_modules\\@esbuild\\netbsd-x64'
179 silly reify ]
180 verbose reify failed optional dependency C:\Test\my-clientapp-angular\node_modules\vite\node_modules\@esbuild\linux-x64
181 silly reify mark deleted [
181 silly reify   'C:\\Test\\my-clientapp-angular\\node_modules\\vite\\node_modules\\@esbuild\\linux-x64'
181 silly reify ]
182 verbose reify failed optional dependency C:\Test\my-clientapp-angular\node_modules\vite\node_modules\@esbuild\linux-s390x
183 silly reify mark deleted [
183 silly reify   'C:\\Test\\my-clientapp-angular\\node_modules\\vite\\node_modules\\@esbuild\\linux-s390x'
183 silly reify ]
184 verbose reify failed optional dependency C:\Test\my-clientapp-angular\node_modules\vite\node_modules\@esbuild\linux-riscv64
185 silly reify mark deleted [
185 silly reify   'C:\\Test\\my-clientapp-angular\\node_modules\\vite\\node_modules\\@esbuild\\linux-riscv64'
185 silly reify ]
186 verbose reify failed optional dependency C:\Test\my-clientapp-angular\node_modules\vite\node_modules\@esbuild\linux-ppc64
187 silly reify mark deleted [
187 silly reify   'C:\\Test\\my-clientapp-angular\\node_modules\\vite\\node_modules\\@esbuild\\linux-ppc64'
187 silly reify ]
188 verbose reify failed optional dependency C:\Test\my-clientapp-angular\node_modules\vite\node_modules\@esbuild\linux-mips64el
189 silly reify mark deleted [
189 silly reify   'C:\\Test\\my-clientapp-angular\\node_modules\\vite\\node_modules\\@esbuild\\linux-mips64el'
189 silly reify ]
190 verbose reify failed optional dependency C:\Test\my-clientapp-angular\node_modules\vite\node_modules\@esbuild\linux-loong64
191 silly reify mark deleted [
191 silly reify   'C:\\Test\\my-clientapp-angular\\node_modules\\vite\\node_modules\\@esbuild\\linux-loong64'
191 silly reify ]
192 verbose reify failed optional dependency C:\Test\my-clientapp-angular\node_modules\vite\node_modules\@esbuild\linux-ia32
193 silly reify mark deleted [
193 silly reify   'C:\\Test\\my-clientapp-angular\\node_modules\\vite\\node_modules\\@esbuild\\linux-ia32'
193 silly reify ]
194 verbose reify failed optional dependency C:\Test\my-clientapp-angular\node_modules\vite\node_modules\@esbuild\linux-arm64
195 silly reify mark deleted [
195 silly reify   'C:\\Test\\my-clientapp-angular\\node_modules\\vite\\node_modules\\@esbuild\\linux-arm64'
195 silly reify ]
196 verbose reify failed optional dependency C:\Test\my-clientapp-angular\node_modules\vite\node_modules\@esbuild\linux-arm
197 silly reify mark deleted [
197 silly reify   'C:\\Test\\my-clientapp-angular\\node_modules\\vite\\node_modules\\@esbuild\\linux-arm'
197 silly reify ]
198 verbose reify failed optional dependency C:\Test\my-clientapp-angular\node_modules\vite\node_modules\@esbuild\freebsd-x64
199 silly reify mark deleted [
199 silly reify   'C:\\Test\\my-clientapp-angular\\node_modules\\vite\\node_modules\\@esbuild\\freebsd-x64'
199 silly reify ]
200 verbose reify failed optional dependency C:\Test\my-clientapp-angular\node_modules\vite\node_modules\@esbuild\freebsd-arm64
201 silly reify mark deleted [
201 silly reify   'C:\\Test\\my-clientapp-angular\\node_modules\\vite\\node_modules\\@esbuild\\freebsd-arm64'
201 silly reify ]
202 verbose reify failed optional dependency C:\Test\my-clientapp-angular\node_modules\vite\node_modules\@esbuild\darwin-x64
203 silly reify mark deleted [
203 silly reify   'C:\\Test\\my-clientapp-angular\\node_modules\\vite\\node_modules\\@esbuild\\darwin-x64'
203 silly reify ]
204 verbose reify failed optional dependency C:\Test\my-clientapp-angular\node_modules\vite\node_modules\@esbuild\darwin-arm64
205 silly reify mark deleted [
205 silly reify   'C:\\Test\\my-clientapp-angular\\node_modules\\vite\\node_modules\\@esbuild\\darwin-arm64'
205 silly reify ]
206 verbose reify failed optional dependency C:\Test\my-clientapp-angular\node_modules\vite\node_modules\@esbuild\android-x64
207 silly reify mark deleted [
207 silly reify   'C:\\Test\\my-clientapp-angular\\node_modules\\vite\\node_modules\\@esbuild\\android-x64'
207 silly reify ]
208 verbose reify failed optional dependency C:\Test\my-clientapp-angular\node_modules\vite\node_modules\@esbuild\android-arm64
209 silly reify mark deleted [
209 silly reify   'C:\\Test\\my-clientapp-angular\\node_modules\\vite\\node_modules\\@esbuild\\android-arm64'
209 silly reify ]
210 verbose reify failed optional dependency C:\Test\my-clientapp-angular\node_modules\vite\node_modules\@esbuild\android-arm
211 silly reify mark deleted [
211 silly reify   'C:\\Test\\my-clientapp-angular\\node_modules\\vite\\node_modules\\@esbuild\\android-arm'
211 silly reify ]
212 verbose reify failed optional dependency C:\Test\my-clientapp-angular\node_modules\vite\node_modules\@esbuild\aix-ppc64
213 silly reify mark deleted [
213 silly reify   'C:\\Test\\my-clientapp-angular\\node_modules\\vite\\node_modules\\@esbuild\\aix-ppc64'
213 silly reify ]
214 timing reifyNode:node_modules/nice-napi Completed in 41ms
215 timing reifyNode:node_modules/fsevents Completed in 41ms
216 timing reifyNode:node_modules/@rollup/rollup-win32-ia32-msvc Completed in 41ms
217 timing reifyNode:node_modules/@rollup/rollup-win32-arm64-msvc Completed in 41ms
218 timing reifyNode:node_modules/@rollup/rollup-linux-x64-musl Completed in 41ms
219 timing reifyNode:node_modules/@rollup/rollup-linux-x64-gnu Completed in 41ms
220 timing reifyNode:node_modules/@rollup/rollup-linux-s390x-gnu Completed in 41ms
221 timing reifyNode:node_modules/@rollup/rollup-linux-riscv64-gnu Completed in 41ms
222 timing reifyNode:node_modules/@rollup/rollup-linux-powerpc64le-gnu Completed in 41ms
223 timing reifyNode:node_modules/@rollup/rollup-linux-arm64-musl Completed in 41ms
224 timing reifyNode:node_modules/@rollup/rollup-linux-arm64-gnu Completed in 41ms
225 timing reifyNode:node_modules/@rollup/rollup-linux-arm-musleabihf Completed in 41ms
226 timing reifyNode:node_modules/@rollup/rollup-linux-arm-gnueabihf Completed in 42ms
227 timing reifyNode:node_modules/@rollup/rollup-darwin-x64 Completed in 42ms
228 timing reifyNode:node_modules/@rollup/rollup-darwin-arm64 Completed in 42ms
229 timing reifyNode:node_modules/@rollup/rollup-android-arm64 Completed in 42ms
230 timing reifyNode:node_modules/@rollup/rollup-android-arm-eabi Completed in 42ms
231 timing reifyNode:node_modules/@msgpackr-extract/msgpackr-extract-linux-x64 Completed in 41ms
232 timing reifyNode:node_modules/@msgpackr-extract/msgpackr-extract-linux-arm64 Completed in 41ms
233 timing reifyNode:node_modules/@msgpackr-extract/msgpackr-extract-linux-arm Completed in 41ms
234 timing reifyNode:node_modules/@msgpackr-extract/msgpackr-extract-darwin-x64 Completed in 41ms
235 timing reifyNode:node_modules/@msgpackr-extract/msgpackr-extract-darwin-arm64 Completed in 41ms
236 timing reifyNode:node_modules/@lmdb/lmdb-linux-x64 Completed in 41ms
237 timing reifyNode:node_modules/@lmdb/lmdb-linux-arm64 Completed in 41ms
238 timing reifyNode:node_modules/@lmdb/lmdb-linux-arm Completed in 41ms
239 timing reifyNode:node_modules/@lmdb/lmdb-darwin-x64 Completed in 41ms
240 timing reifyNode:node_modules/@lmdb/lmdb-darwin-arm64 Completed in 41ms
241 timing reifyNode:node_modules/@esbuild/win32-ia32 Completed in 41ms
242 timing reifyNode:node_modules/@esbuild/win32-arm64 Completed in 41ms
243 timing reifyNode:node_modules/@esbuild/sunos-x64 Completed in 41ms
244 timing reifyNode:node_modules/@esbuild/openbsd-x64 Completed in 41ms
245 timing reifyNode:node_modules/@esbuild/openbsd-arm64 Completed in 41ms
246 timing reifyNode:node_modules/@esbuild/netbsd-x64 Completed in 41ms
247 timing reifyNode:node_modules/@esbuild/linux-x64 Completed in 41ms
248 timing reifyNode:node_modules/@esbuild/linux-s390x Completed in 41ms
249 timing reifyNode:node_modules/@esbuild/linux-riscv64 Completed in 41ms
250 timing reifyNode:node_modules/@esbuild/linux-ppc64 Completed in 41ms
251 timing reifyNode:node_modules/@esbuild/linux-mips64el Completed in 41ms
252 timing reifyNode:node_modules/@esbuild/linux-loong64 Completed in 41ms
253 timing reifyNode:node_modules/@esbuild/linux-ia32 Completed in 41ms
254 timing reifyNode:node_modules/@esbuild/linux-arm64 Completed in 41ms
255 timing reifyNode:node_modules/@esbuild/linux-arm Completed in 41ms
256 timing reifyNode:node_modules/@esbuild/freebsd-x64 Completed in 41ms
257 timing reifyNode:node_modules/@esbuild/freebsd-arm64 Completed in 41ms
258 timing reifyNode:node_modules/@esbuild/darwin-x64 Completed in 41ms
259 timing reifyNode:node_modules/@esbuild/darwin-arm64 Completed in 41ms
260 timing reifyNode:node_modules/@esbuild/android-x64 Completed in 41ms
261 timing reifyNode:node_modules/@esbuild/android-arm64 Completed in 41ms
262 timing reifyNode:node_modules/@esbuild/android-arm Completed in 41ms
263 timing reifyNode:node_modules/@esbuild/aix-ppc64 Completed in 41ms
264 timing reifyNode:node_modules/vite/node_modules/@esbuild/win32-ia32 Completed in 41ms
265 timing reifyNode:node_modules/vite/node_modules/@esbuild/win32-arm64 Completed in 41ms
266 timing reifyNode:node_modules/vite/node_modules/@esbuild/sunos-x64 Completed in 41ms
267 timing reifyNode:node_modules/vite/node_modules/@esbuild/openbsd-x64 Completed in 41ms
268 timing reifyNode:node_modules/vite/node_modules/@esbuild/netbsd-x64 Completed in 41ms
269 timing reifyNode:node_modules/vite/node_modules/@esbuild/linux-x64 Completed in 41ms
270 timing reifyNode:node_modules/vite/node_modules/@esbuild/linux-s390x Completed in 41ms
271 timing reifyNode:node_modules/vite/node_modules/@esbuild/linux-riscv64 Completed in 41ms
272 timing reifyNode:node_modules/vite/node_modules/@esbuild/linux-ppc64 Completed in 41ms
273 timing reifyNode:node_modules/vite/node_modules/@esbuild/linux-mips64el Completed in 41ms
274 timing reifyNode:node_modules/vite/node_modules/@esbuild/linux-loong64 Completed in 41ms
275 timing reifyNode:node_modules/vite/node_modules/@esbuild/linux-ia32 Completed in 41ms
276 timing reifyNode:node_modules/vite/node_modules/@esbuild/linux-arm64 Completed in 41ms
277 timing reifyNode:node_modules/vite/node_modules/@esbuild/linux-arm Completed in 41ms
278 timing reifyNode:node_modules/vite/node_modules/@esbuild/freebsd-x64 Completed in 41ms
279 timing reifyNode:node_modules/vite/node_modules/@esbuild/freebsd-arm64 Completed in 41ms
280 timing reifyNode:node_modules/vite/node_modules/@esbuild/darwin-x64 Completed in 41ms
281 timing reifyNode:node_modules/vite/node_modules/@esbuild/darwin-arm64 Completed in 41ms
282 timing reifyNode:node_modules/vite/node_modules/@esbuild/android-x64 Completed in 42ms
283 timing reifyNode:node_modules/vite/node_modules/@esbuild/android-arm64 Completed in 42ms
284 timing reifyNode:node_modules/vite/node_modules/@esbuild/android-arm Completed in 42ms
285 timing reifyNode:node_modules/vite/node_modules/@esbuild/aix-ppc64 Completed in 42ms
286 timing reifyNode:node_modules/node-gyp-build Completed in 99ms
287 timing reifyNode:node_modules/nice-napi/node_modules/node-addon-api Completed in 123ms
288 timing reify:unpack Completed in 124ms
289 timing reify:unretire Completed in 0ms
290 timing build:queue Completed in 22ms
291 timing build:link Completed in 0ms
292 timing build:deps Completed in 23ms
293 timing build Completed in 23ms
294 timing reify:build Completed in 24ms
295 timing reify:trash Completed in 50ms
296 http fetch POST 200 https://registry.npmjs.org/-/npm/v1/security/advisories/bulk 488ms
297 timing auditReport:getReport Completed in 497ms
298 silly audit report {}
299 timing auditReport:init Completed in 0ms
300 timing reify:audit Completed in 497ms
301 timing reify:save Completed in 282ms
302 timing reify Completed in 1703ms
303 silly ADD
304 silly ADD
305 silly ADD node_modules/node-addon-api
306 silly ADD
307 silly ADD
308 silly ADD
309 silly ADD
310 silly ADD
311 silly ADD
312 silly ADD
313 silly ADD
314 silly ADD
315 silly ADD
316 silly ADD
317 silly ADD
318 silly ADD
319 silly ADD
320 silly ADD
321 silly ADD
322 silly ADD
323 silly ADD
324 silly ADD
325 silly ADD
326 silly ADD
327 silly ADD
328 silly ADD
329 silly ADD
330 silly ADD
331 silly ADD
332 silly ADD
333 silly ADD
334 silly ADD
335 silly ADD
336 silly ADD
337 silly ADD
338 silly ADD
339 silly ADD
340 silly ADD
341 silly ADD
342 silly ADD
343 silly ADD
344 silly ADD
345 silly ADD
346 silly ADD
347 silly ADD
348 silly ADD
349 silly ADD
350 silly ADD
351 silly ADD
352 silly ADD
353 silly ADD
354 silly ADD
355 silly ADD
356 silly ADD
357 silly ADD
358 silly ADD
359 silly ADD
360 silly ADD
361 silly ADD
362 silly ADD
363 silly ADD
364 silly ADD
365 silly ADD
366 silly ADD
367 silly ADD
368 silly ADD
369 silly ADD
370 silly ADD
371 silly ADD
372 silly ADD
373 silly ADD
374 silly ADD
375 silly ADD
376 silly ADD
377 timing command:install Completed in 1714ms
378 verbose exit 0
379 timing npm Completed in 2401ms
380 info ok
